[ 2017-09-25T18:53:45+08:00 ] ::1 /Angelababy/
INFO: [ app_init ] --START--
INFO: Run Behavior\BuildLiteBehavior [ RunTime:0.000034s ]
INFO: [ app_init ] --END-- [ RunTime:0.050720s ]
INFO: [ app_begin ] --START--
INFO: Run Behavior\ReadHtmlCacheBehavior [ RunTime:0.064317s ]
INFO: [ app_begin ] --END-- [ RunTime:0.064414s ]
NOTIC: [8] A session had already been started - ignoring session_start() D:\WWW\Angelababy\Application\Home\Controller\BaseController.class.php 第 6 行.
NOTIC: [8] Undefined index: uname D:\WWW\Angelababy\Application\Home\Controller\BaseController.class.php 第 7 行.
INFO: [ view_parse ] --START--
INFO: [ template_filter ] --START--
INFO: Run Behavior\ContentReplaceBehavior [ RunTime:0.014280s ]
INFO: [ template_filter ] --END-- [ RunTime:0.014420s ]
NOTIC: [8] Undefined variable: uname D:\WWW\Angelababy\Application\Runtime\Cache\Home\2a94b8bda04ff446dcedd42276fc99ee.php 第 49 行.
INFO: Run Behavior\ParseTemplateBehavior [ RunTime:0.629843s ]
INFO: [ view_parse ] --END-- [ RunTime:0.629974s ]
INFO: [ view_filter ] --START--
INFO: Run Behavior\WriteHtmlCacheBehavior [ RunTime:0.049546s ]
INFO: [ view_filter ] --END-- [ RunTime:0.049657s ]
INFO: [ app_end ] --START--
INFO: Run Behavior\ShowPageTraceBehavior [ RunTime:0.057857s ]
INFO: [ app_end ] --END-- [ RunTime:0.057962s ]

[ 2017-09-25T18:53:59+08:00 ] ::1 /Angelababy/Buycar/buycar
INFO: [ app_init ] --START--
INFO: Run Behavior\BuildLiteBehavior [ RunTime:0.000010s ]
INFO: [ app_init ] --END-- [ RunTime:0.000565s ]
INFO: [ app_begin ] --START--
INFO: Run Behavior\ReadHtmlCacheBehavior [ RunTime:0.000732s ]
INFO: [ app_begin ] --END-- [ RunTime:0.000779s ]
NOTIC: [8] A session had already been started - ignoring session_start() D:\WWW\Angelababy\Application\Home\Controller\BaseController.class.php 第 6 行.
NOTIC: [8] Undefined index: uname D:\WWW\Angelababy\Application\Home\Controller\BaseController.class.php 第 7 行.
SQL: SHOW COLUMNS FROM `meitu_product` [ RunTime:0.2412s ]
SQL: SELECT COUNT(*) AS tp_count FROM `meitu_product` LIMIT 1   [ RunTime:0.0007s ]
SQL: SELECT * FROM `meitu_product` LIMIT 0,12   [ RunTime:0.0010s ]
INFO: [ view_parse ] --START--
INFO: [ template_filter ] --START--
INFO: Run Behavior\ContentReplaceBehavior [ RunTime:0.000301s ]
INFO: [ template_filter ] --END-- [ RunTime:0.000436s ]
NOTIC: [8] Undefined variable: uname D:\WWW\Angelababy\Application\Runtime\Cache\Home\b3b0930c589e1b13b35054b640e2b2a7.php 第 49 行.
INFO: Run Behavior\ParseTemplateBehavior [ RunTime:0.236617s ]
INFO: [ view_parse ] --END-- [ RunTime:0.236734s ]
INFO: [ view_filter ] --START--
INFO: Run Behavior\WriteHtmlCacheBehavior [ RunTime:0.000990s ]
INFO: [ view_filter ] --END-- [ RunTime:0.001068s ]
INFO: [ app_end ] --START--
INFO: Run Behavior\ShowPageTraceBehavior [ RunTime:0.002814s ]
INFO: [ app_end ] --END-- [ RunTime:0.002972s ]

[ 2017-09-25T18:54:05+08:00 ] ::1 /Angelababy/Buycar/add
INFO: [ app_init ] --START--
INFO: Run Behavior\BuildLiteBehavior [ RunTime:0.000027s ]
INFO: [ app_init ] --END-- [ RunTime:0.001621s ]
INFO: [ app_begin ] --START--
INFO: Run Behavior\ReadHtmlCacheBehavior [ RunTime:0.001928s ]
INFO: [ app_begin ] --END-- [ RunTime:0.002103s ]
NOTIC: [8] A session had already been started - ignoring session_start() D:\WWW\Angelababy\Application\Home\Controller\BaseController.class.php 第 6 行.
NOTIC: [8] Undefined index: uname D:\WWW\Angelababy\Application\Home\Controller\BaseController.class.php 第 7 行.
SQL: SHOW COLUMNS FROM `meitu_cart` [ RunTime:0.2824s ]
SQL: SHOW COLUMNS FROM `meitu_user` [ RunTime:0.0758s ]
NOTIC: [8] Undefined index: uname D:\WWW\Angelababy\Application\Home\Controller\BuycarController.class.php 第 16 行.
SQL: SELECT `uid` FROM `meitu_user` LIMIT 1   [ RunTime:0.0002s ]
SQL: SELECT `cid` FROM `meitu_cart` LIMIT 1   [ RunTime:0.0002s ]
SQL: SHOW COLUMNS FROM `meitu_cart_detail` [ RunTime:0.0981s ]
SQL: SELECT `count` FROM `meitu_cart_detail` WHERE `productId` = 2 LIMIT 1   [ RunTime:0.0004s ]
SQL: UPDATE `meitu_cart_detail` SET `count`='3' WHERE `productId` = 2 [ RunTime:0.0003s ]
INFO: [ app_end ] --START--
INFO: Run Behavior\ShowPageTraceBehavior [ RunTime:0.000614s ]
INFO: [ app_end ] --END-- [ RunTime:0.000656s ]

[ 2017-09-25T18:54:07+08:00 ] ::1 /Angelababy/Buycar/add
INFO: [ app_init ] --START--
INFO: Run Behavior\BuildLiteBehavior [ RunTime:0.000009s ]
INFO: [ app_init ] --END-- [ RunTime:0.000376s ]
INFO: [ app_begin ] --START--
INFO: Run Behavior\ReadHtmlCacheBehavior [ RunTime:0.000463s ]
INFO: [ app_begin ] --END-- [ RunTime:0.000496s ]
NOTIC: [8] A session had already been started - ignoring session_start() D:\WWW\Angelababy\Application\Home\Controller\BaseController.class.php 第 6 行.
NOTIC: [8] Undefined index: uname D:\WWW\Angelababy\Application\Home\Controller\BaseController.class.php 第 7 行.
SQL: SHOW COLUMNS FROM `meitu_cart` [ RunTime:0.0205s ]
SQL: SHOW COLUMNS FROM `meitu_user` [ RunTime:0.0154s ]
NOTIC: [8] Undefined index: uname D:\WWW\Angelababy\Application\Home\Controller\BuycarController.class.php 第 16 行.
SQL: SELECT `uid` FROM `meitu_user` LIMIT 1   [ RunTime:0.0003s ]
SQL: SELECT `cid` FROM `meitu_cart` LIMIT 1   [ RunTime:0.0002s ]
SQL: SHOW COLUMNS FROM `meitu_cart_detail` [ RunTime:0.0135s ]
SQL: SELECT `count` FROM `meitu_cart_detail` WHERE `productId` = 3 LIMIT 1   [ RunTime:0.0003s ]
SQL: UPDATE `meitu_cart_detail` SET `count`='2' WHERE `productId` = 3 [ RunTime:0.0003s ]
INFO: [ app_end ] --START--
INFO: Run Behavior\ShowPageTraceBehavior [ RunTime:0.000809s ]
INFO: [ app_end ] --END-- [ RunTime:0.000852s ]

[ 2017-09-25T19:05:25+08:00 ] ::1 /Angelababy/Buycar/select
INFO: [ app_init ] --START--
INFO: Run Behavior\BuildLiteBehavior [ RunTime:0.000012s ]
INFO: [ app_init ] --END-- [ RunTime:0.000474s ]
INFO: [ app_begin ] --START--
INFO: Run Behavior\ReadHtmlCacheBehavior [ RunTime:0.000563s ]
INFO: [ app_begin ] --END-- [ RunTime:0.000608s ]
ERR: syntax error, unexpected '=', expecting ',' or ')'

[ 2017-09-25T19:06:06+08:00 ] ::1 /Angelababy/Buycar/select
INFO: [ app_init ] --START--
INFO: Run Behavior\BuildLiteBehavior [ RunTime:0.000016s ]
INFO: [ app_init ] --END-- [ RunTime:0.000901s ]
INFO: [ app_begin ] --START--
INFO: Run Behavior\ReadHtmlCacheBehavior [ RunTime:0.001335s ]
INFO: [ app_begin ] --END-- [ RunTime:0.001431s ]
ERR: syntax error, unexpected '=', expecting ',' or ')'

[ 2017-09-25T19:06:11+08:00 ] ::1 /Angelababy/Buycar/select
INFO: [ app_init ] --START--
INFO: Run Behavior\BuildLiteBehavior [ RunTime:0.000011s ]
INFO: [ app_init ] --END-- [ RunTime:0.000515s ]
INFO: [ app_begin ] --START--
INFO: Run Behavior\ReadHtmlCacheBehavior [ RunTime:0.000686s ]
INFO: [ app_begin ] --END-- [ RunTime:0.000749s ]
NOTIC: [8] A session had already been started - ignoring session_start() D:\WWW\Angelababy\Application\Home\Controller\BaseController.class.php 第 6 行.
NOTIC: [8] Undefined index: uname D:\WWW\Angelababy\Application\Home\Controller\BaseController.class.php 第 7 行.
INFO: [ app_end ] --START--
INFO: Run Behavior\ShowPageTraceBehavior [ RunTime:0.000807s ]
INFO: [ app_end ] --END-- [ RunTime:0.000887s ]

[ 2017-09-25T19:06:19+08:00 ] ::1 /Angelababy/Buycar/select
INFO: [ app_init ] --START--
INFO: Run Behavior\BuildLiteBehavior [ RunTime:0.000015s ]
INFO: [ app_init ] --END-- [ RunTime:0.000681s ]
INFO: [ app_begin ] --START--
INFO: Run Behavior\ReadHtmlCacheBehavior [ RunTime:0.000814s ]
INFO: [ app_begin ] --END-- [ RunTime:0.000874s ]
ERR: syntax error, unexpected '=', expecting ',' or ')'

[ 2017-09-25T19:06:33+08:00 ] ::1 /Angelababy/Buycar/select
INFO: [ app_init ] --START--
INFO: Run Behavior\BuildLiteBehavior [ RunTime:0.000012s ]
INFO: [ app_init ] --END-- [ RunTime:0.000526s ]
INFO: [ app_begin ] --START--
INFO: Run Behavior\ReadHtmlCacheBehavior [ RunTime:0.000710s ]
INFO: [ app_begin ] --END-- [ RunTime:0.000767s ]
ERR: syntax error, unexpected '=', expecting ',' or ')'

[ 2017-09-25T19:06:35+08:00 ] ::1 /Angelababy/Buycar/select
INFO: [ app_init ] --START--
INFO: Run Behavior\BuildLiteBehavior [ RunTime:0.000027s ]
INFO: [ app_init ] --END-- [ RunTime:0.001212s ]
INFO: [ app_begin ] --START--
INFO: Run Behavior\ReadHtmlCacheBehavior [ RunTime:0.001613s ]
INFO: [ app_begin ] --END-- [ RunTime:0.001746s ]
ERR: syntax error, unexpected '=', expecting ',' or ')'

[ 2017-09-25T19:06:46+08:00 ] ::1 /Angelababy/Buycar/select
INFO: [ app_init ] --START--
INFO: Run Behavior\BuildLiteBehavior [ RunTime:0.000006s ]
INFO: [ app_init ] --END-- [ RunTime:0.000351s ]
INFO: [ app_begin ] --START--
INFO: Run Behavior\ReadHtmlCacheBehavior [ RunTime:0.000409s ]
INFO: [ app_begin ] --END-- [ RunTime:0.000444s ]
ERR: syntax error, unexpected '=', expecting ']'

[ 2017-09-25T19:07:14+08:00 ] ::1 /Angelababy/Buycar/select
INFO: [ app_init ] --START--
INFO: Run Behavior\BuildLiteBehavior [ RunTime:0.000009s ]
INFO: [ app_init ] --END-- [ RunTime:0.000450s ]
INFO: [ app_begin ] --START--
INFO: Run Behavior\ReadHtmlCacheBehavior [ RunTime:0.000651s ]
INFO: [ app_begin ] --END-- [ RunTime:0.000708s ]
ERR: syntax error, unexpected '=', expecting ',' or ')'

[ 2017-09-25T19:07:20+08:00 ] ::1 /Angelababy/Buycar/select
INFO: [ app_init ] --START--
INFO: Run Behavior\BuildLiteBehavior [ RunTime:0.000013s ]
INFO: [ app_init ] --END-- [ RunTime:0.000441s ]
INFO: [ app_begin ] --START--
INFO: Run Behavior\ReadHtmlCacheBehavior [ RunTime:0.000750s ]
INFO: [ app_begin ] --END-- [ RunTime:0.000813s ]
ERR: syntax error, unexpected '=', expecting ']'

[ 2017-09-25T19:07:29+08:00 ] ::1 /Angelababy/Buycar/select
INFO: [ app_init ] --START--
INFO: Run Behavior\BuildLiteBehavior [ RunTime:0.000018s ]
INFO: [ app_init ] --END-- [ RunTime:0.000893s ]
INFO: [ app_begin ] --START--
INFO: Run Behavior\ReadHtmlCacheBehavior [ RunTime:0.000904s ]
INFO: [ app_begin ] --END-- [ RunTime:0.000971s ]
NOTIC: [8] A session had already been started - ignoring session_start() D:\WWW\Angelababy\Application\Home\Controller\BaseController.class.php 第 6 行.
NOTIC: [8] Undefined index: uname D:\WWW\Angelababy\Application\Home\Controller\BaseController.class.php 第 7 行.
SQL: SHOW COLUMNS FROM `meitu_cart_detail` [ RunTime:0.0271s ]
INFO: [ app_end ] --START--
INFO: Run Behavior\ShowPageTraceBehavior [ RunTime:0.001442s ]
INFO: [ app_end ] --END-- [ RunTime:0.001552s ]

[ 2017-09-25T19:07:46+08:00 ] ::1 /Angelababy/Buycar/select
INFO: [ app_init ] --START--
INFO: Run Behavior\BuildLiteBehavior [ RunTime:0.000018s ]
INFO: [ app_init ] --END-- [ RunTime:0.001079s ]
INFO: [ app_begin ] --START--
INFO: Run Behavior\ReadHtmlCacheBehavior [ RunTime:0.000923s ]
INFO: [ app_begin ] --END-- [ RunTime:0.000995s ]
NOTIC: [8] A session had already been started - ignoring session_start() D:\WWW\Angelababy\Application\Home\Controller\BaseController.class.php 第 6 行.
NOTIC: [8] Undefined index: uname D:\WWW\Angelababy\Application\Home\Controller\BaseController.class.php 第 7 行.
SQL: SHOW COLUMNS FROM `meitu_cart_detail` [ RunTime:0.0259s ]
ERR: 1146:Table 'meitu.product' doesn't exist
 [ SQL语句 ] : SELECT * FROM `meitu_cart_detail` INNER JOIN product  WHERE ( cartId=1 and procudtId=pid ) 
ERR: 1146:Table 'meitu.product' doesn't exist
 [ SQL语句 ] : SELECT * FROM `meitu_cart_detail` INNER JOIN product  WHERE ( cartId=1 and procudtId=pid ) 

[ 2017-09-25T19:09:15+08:00 ] ::1 /Angelababy/Buycar/select
INFO: [ app_init ] --START--
INFO: Run Behavior\BuildLiteBehavior [ RunTime:0.000016s ]
INFO: [ app_init ] --END-- [ RunTime:0.000691s ]
INFO: [ app_begin ] --START--
INFO: Run Behavior\ReadHtmlCacheBehavior [ RunTime:0.000801s ]
INFO: [ app_begin ] --END-- [ RunTime:0.000864s ]
NOTIC: [8] A session had already been started - ignoring session_start() D:\WWW\Angelababy\Application\Home\Controller\BaseController.class.php 第 6 行.
NOTIC: [8] Undefined index: uname D:\WWW\Angelababy\Application\Home\Controller\BaseController.class.php 第 7 行.
SQL: SHOW COLUMNS FROM `meitu_cart_detail` [ RunTime:0.0388s ]
ERR: 1146:Table 'meitu.meitu_roduct' doesn't exist
 [ SQL语句 ] : SELECT * FROM `meitu_cart_detail` INNER JOIN meitu_roduct  WHERE ( cartId=1 and procudtId=pid ) 
ERR: 1146:Table 'meitu.meitu_roduct' doesn't exist
 [ SQL语句 ] : SELECT * FROM `meitu_cart_detail` INNER JOIN meitu_roduct  WHERE ( cartId=1 and procudtId=pid ) 

[ 2017-09-25T19:09:26+08:00 ] ::1 /Angelababy/Buycar/select
INFO: [ app_init ] --START--
INFO: Run Behavior\BuildLiteBehavior [ RunTime:0.000021s ]
INFO: [ app_init ] --END-- [ RunTime:0.001100s ]
INFO: [ app_begin ] --START--
INFO: Run Behavior\ReadHtmlCacheBehavior [ RunTime:0.001349s ]
INFO: [ app_begin ] --END-- [ RunTime:0.001445s ]
NOTIC: [8] A session had already been started - ignoring session_start() D:\WWW\Angelababy\Application\Home\Controller\BaseController.class.php 第 6 行.
NOTIC: [8] Undefined index: uname D:\WWW\Angelababy\Application\Home\Controller\BaseController.class.php 第 7 行.
SQL: SHOW COLUMNS FROM `meitu_cart_detail` [ RunTime:0.0402s ]
ERR: 1146:Table 'meitu.product' doesn't exist
 [ SQL语句 ] : SELECT * FROM `meitu_cart_detail` INNER JOIN product  WHERE ( cartId=1 and procudtId=pid ) 
ERR: 1146:Table 'meitu.product' doesn't exist
 [ SQL语句 ] : SELECT * FROM `meitu_cart_detail` INNER JOIN product  WHERE ( cartId=1 and procudtId=pid ) 

[ 2017-09-25T19:10:14+08:00 ] ::1 /Angelababy/Buycar/select
INFO: [ app_init ] --START--
INFO: Run Behavior\BuildLiteBehavior [ RunTime:0.000014s ]
INFO: [ app_init ] --END-- [ RunTime:0.000688s ]
INFO: [ app_begin ] --START--
INFO: Run Behavior\ReadHtmlCacheBehavior [ RunTime:0.000587s ]
INFO: [ app_begin ] --END-- [ RunTime:0.000638s ]
NOTIC: [8] A session had already been started - ignoring session_start() D:\WWW\Angelababy\Application\Home\Controller\BaseController.class.php 第 6 行.
NOTIC: [8] Undefined index: uname D:\WWW\Angelababy\Application\Home\Controller\BaseController.class.php 第 7 行.
SQL: SHOW COLUMNS FROM `meitu_cart_detail` [ RunTime:0.0399s ]
SQL: SELECT * FROM `meitu_cart_detail` INNER JOIN meitu_product  WHERE (  cartId=1 and productId=pid )  [ RunTime:0.0013s ]
INFO: [ app_end ] --START--
INFO: Run Behavior\ShowPageTraceBehavior [ RunTime:0.002182s ]
INFO: [ app_end ] --END-- [ RunTime:0.002314s ]

[ 2017-09-25T19:10:21+08:00 ] ::1 /Angelababy/Buycar/select
INFO: [ app_init ] --START--
INFO: Run Behavior\BuildLiteBehavior [ RunTime:0.000034s ]
INFO: [ app_init ] --END-- [ RunTime:0.001145s ]
INFO: [ app_begin ] --START--
INFO: Run Behavior\ReadHtmlCacheBehavior [ RunTime:0.000680s ]
INFO: [ app_begin ] --END-- [ RunTime:0.000741s ]
NOTIC: [8] A session had already been started - ignoring session_start() D:\WWW\Angelababy\Application\Home\Controller\BaseController.class.php 第 6 行.
NOTIC: [8] Undefined index: uname D:\WWW\Angelababy\Application\Home\Controller\BaseController.class.php 第 7 行.
SQL: SHOW COLUMNS FROM `meitu_cart_detail` [ RunTime:0.0485s ]
ERR: 1146:Table 'meitu.product' doesn't exist
 [ SQL语句 ] : SELECT * FROM `meitu_cart_detail` INNER JOIN product  WHERE (  cartId=1 and productId=pid ) 
ERR: 1146:Table 'meitu.product' doesn't exist
 [ SQL语句 ] : SELECT * FROM `meitu_cart_detail` INNER JOIN product  WHERE (  cartId=1 and productId=pid ) 

[ 2017-09-25T19:10:38+08:00 ] ::1 /Angelababy/Buycar/select
INFO: [ app_init ] --START--
INFO: Run Behavior\BuildLiteBehavior [ RunTime:0.000010s ]
INFO: [ app_init ] --END-- [ RunTime:0.000487s ]
INFO: [ app_begin ] --START--
INFO: Run Behavior\ReadHtmlCacheBehavior [ RunTime:0.000574s ]
INFO: [ app_begin ] --END-- [ RunTime:0.000627s ]
NOTIC: [8] A session had already been started - ignoring session_start() D:\WWW\Angelababy\Application\Home\Controller\BaseController.class.php 第 6 行.
NOTIC: [8] Undefined index: uname D:\WWW\Angelababy\Application\Home\Controller\BaseController.class.php 第 7 行.
SQL: SHOW COLUMNS FROM `meitu_cart_detail` [ RunTime:0.0470s ]
ERR: 1054:Unknown column 'procudtId' in 'where clause'
 [ SQL语句 ] : SELECT * FROM `meitu_cart_detail` INNER JOIN meitu_product  WHERE ( cartId=1 and procudtId=pid ) 
ERR: 1054:Unknown column 'procudtId' in 'where clause'
 [ SQL语句 ] : SELECT * FROM `meitu_cart_detail` INNER JOIN meitu_product  WHERE ( cartId=1 and procudtId=pid ) 

[ 2017-09-25T19:10:52+08:00 ] ::1 /Angelababy/Buycar/select
INFO: [ app_init ] --START--
INFO: Run Behavior\BuildLiteBehavior [ RunTime:0.000007s ]
INFO: [ app_init ] --END-- [ RunTime:0.000332s ]
INFO: [ app_begin ] --START--
INFO: Run Behavior\ReadHtmlCacheBehavior [ RunTime:0.000401s ]
INFO: [ app_begin ] --END-- [ RunTime:0.000432s ]
NOTIC: [8] A session had already been started - ignoring session_start() D:\WWW\Angelababy\Application\Home\Controller\BaseController.class.php 第 6 行.
NOTIC: [8] Undefined index: uname D:\WWW\Angelababy\Application\Home\Controller\BaseController.class.php 第 7 行.
SQL: SHOW COLUMNS FROM `meitu_cart_detail` [ RunTime:0.0433s ]
SQL: SELECT * FROM `meitu_cart_detail` INNER JOIN meitu_product  WHERE ( cartId=1 and productId=pid )  [ RunTime:0.0012s ]
INFO: [ app_end ] --START--
INFO: Run Behavior\ShowPageTraceBehavior [ RunTime:0.001727s ]
INFO: [ app_end ] --END-- [ RunTime:0.001878s ]

[ 2017-09-25T19:13:17+08:00 ] ::1 /Angelababy/Buycar/select
INFO: [ app_init ] --START--
INFO: Run Behavior\BuildLiteBehavior [ RunTime:0.000009s ]
INFO: [ app_init ] --END-- [ RunTime:0.000409s ]
INFO: [ app_begin ] --START--
INFO: Run Behavior\ReadHtmlCacheBehavior [ RunTime:0.000452s ]
INFO: [ app_begin ] --END-- [ RunTime:0.000484s ]
SQL: SHOW COLUMNS FROM `meitu_cart` [ RunTime:0.0423s ]
SQL: SHOW COLUMNS FROM `meitu_user` [ RunTime:0.0390s ]
NOTIC: [8] Undefined index: uname D:\WWW\Angelababy\Application\Home\Controller\BaseController.class.php 第 7 行.
SQL: SELECT `uid` FROM `meitu_user` LIMIT 1   [ RunTime:0.0006s ]
SQL: SELECT `cid` FROM `meitu_cart` LIMIT 1   [ RunTime:0.0006s ]
NOTIC: [8] A session had already been started - ignoring session_start() D:\WWW\Angelababy\Application\Home\Controller\BaseController.class.php 第 8 行.
NOTIC: [8] Undefined index: uname D:\WWW\Angelababy\Application\Home\Controller\BaseController.class.php 第 9 行.
SQL: SHOW COLUMNS FROM `meitu_cart_detail` [ RunTime:0.0298s ]
SQL: SELECT * FROM `meitu_cart_detail` INNER JOIN meitu_product  WHERE ( cartId=1 and productId=pid )  [ RunTime:0.0030s ]
INFO: [ app_end ] --START--
INFO: Run Behavior\ShowPageTraceBehavior [ RunTime:0.002350s ]
INFO: [ app_end ] --END-- [ RunTime:0.002506s ]

[ 2017-09-25T19:13:27+08:00 ] ::1 /Angelababy/Buycar/select
INFO: [ app_init ] --START--
INFO: Run Behavior\BuildLiteBehavior [ RunTime:0.000009s ]
INFO: [ app_init ] --END-- [ RunTime:0.000423s ]
INFO: [ app_begin ] --START--
INFO: Run Behavior\ReadHtmlCacheBehavior [ RunTime:0.000403s ]
INFO: [ app_begin ] --END-- [ RunTime:0.000432s ]
SQL: SHOW COLUMNS FROM `meitu_cart` [ RunTime:0.1566s ]
SQL: SHOW COLUMNS FROM `meitu_user` [ RunTime:0.0750s ]
NOTIC: [8] Undefined index: uname D:\WWW\Angelababy\Application\Home\Controller\BaseController.class.php 第 7 行.
SQL: SELECT `uid` FROM `meitu_user` LIMIT 1   [ RunTime:0.0006s ]
SQL: SELECT `cid` FROM `meitu_cart` LIMIT 1   [ RunTime:0.0006s ]
NOTIC: [8] A session had already been started - ignoring session_start() D:\WWW\Angelababy\Application\Home\Controller\BaseController.class.php 第 8 行.
NOTIC: [8] Undefined index: uname D:\WWW\Angelababy\Application\Home\Controller\BaseController.class.php 第 9 行.
SQL: SHOW COLUMNS FROM `meitu_cart_detail` [ RunTime:0.0420s ]
SQL: SELECT * FROM `meitu_cart_detail` INNER JOIN meitu_product  WHERE ( cartId=1 and productId=pid )  [ RunTime:0.0011s ]
INFO: [ app_end ] --START--
INFO: Run Behavior\ShowPageTraceBehavior [ RunTime:0.001632s ]
INFO: [ app_end ] --END-- [ RunTime:0.001727s ]

[ 2017-09-25T19:13:48+08:00 ] ::1 /Angelababy/buycar/buycar
INFO: [ app_init ] --START--
INFO: Run Behavior\BuildLiteBehavior [ RunTime:0.000012s ]
INFO: [ app_init ] --END-- [ RunTime:0.000367s ]
INFO: [ app_begin ] --START--
INFO: Run Behavior\ReadHtmlCacheBehavior [ RunTime:0.000514s ]
INFO: [ app_begin ] --END-- [ RunTime:0.000556s ]
SQL: SHOW COLUMNS FROM `meitu_cart` [ RunTime:0.1520s ]
SQL: SHOW COLUMNS FROM `meitu_user` [ RunTime:0.1076s ]
NOTIC: [8] Undefined index: uname D:\WWW\Angelababy\Application\Home\Controller\BaseController.class.php 第 7 行.
SQL: SELECT `uid` FROM `meitu_user` LIMIT 1   [ RunTime:0.0008s ]
SQL: SELECT `cid` FROM `meitu_cart` LIMIT 1   [ RunTime:0.0006s ]
NOTIC: [8] A session had already been started - ignoring session_start() D:\WWW\Angelababy\Application\Home\Controller\BaseController.class.php 第 8 行.
NOTIC: [8] Undefined index: uname D:\WWW\Angelababy\Application\Home\Controller\BaseController.class.php 第 9 行.
SQL: SHOW COLUMNS FROM `meitu_product` [ RunTime:0.1417s ]
SQL: SELECT COUNT(*) AS tp_count FROM `meitu_product` LIMIT 1   [ RunTime:0.0006s ]
SQL: SELECT * FROM `meitu_product` LIMIT 0,12   [ RunTime:0.0009s ]
INFO: [ view_parse ] --START--
INFO: [ template_filter ] --START--
INFO: Run Behavior\ContentReplaceBehavior [ RunTime:0.000323s ]
INFO: [ template_filter ] --END-- [ RunTime:0.000440s ]
NOTIC: [8] Undefined variable: uname D:\WWW\Angelababy\Application\Runtime\Cache\Home\b3b0930c589e1b13b35054b640e2b2a7.php 第 49 行.
INFO: Run Behavior\ParseTemplateBehavior [ RunTime:0.084955s ]
INFO: [ view_parse ] --END-- [ RunTime:0.085050s ]
INFO: [ view_filter ] --START--
INFO: Run Behavior\WriteHtmlCacheBehavior [ RunTime:0.001850s ]
INFO: [ view_filter ] --END-- [ RunTime:0.001959s ]
INFO: [ app_end ] --START--
INFO: Run Behavior\ShowPageTraceBehavior [ RunTime:0.002277s ]
INFO: [ app_end ] --END-- [ RunTime:0.002443s ]

[ 2017-09-25T19:16:16+08:00 ] ::1 /Angelababy/buycar/buycar
INFO: [ app_init ] --START--
INFO: Run Behavior\BuildLiteBehavior [ RunTime:0.000015s ]
INFO: [ app_init ] --END-- [ RunTime:0.001050s ]
INFO: [ app_begin ] --START--
INFO: Run Behavior\ReadHtmlCacheBehavior [ RunTime:0.000926s ]
INFO: [ app_begin ] --END-- [ RunTime:0.000991s ]
SQL: SHOW COLUMNS FROM `meitu_cart` [ RunTime:0.0368s ]
SQL: SHOW COLUMNS FROM `meitu_user` [ RunTime:0.0282s ]
NOTIC: [8] Undefined index: uname D:\WWW\Angelababy\Application\Home\Controller\BaseController.class.php 第 7 行.
SQL: SELECT `uid` FROM `meitu_user` LIMIT 1   [ RunTime:0.0005s ]
SQL: SELECT `cid` FROM `meitu_cart` LIMIT 1   [ RunTime:0.0005s ]
NOTIC: [8] A session had already been started - ignoring session_start() D:\WWW\Angelababy\Application\Home\Controller\BaseController.class.php 第 8 行.
NOTIC: [8] Undefined index: uname D:\WWW\Angelababy\Application\Home\Controller\BaseController.class.php 第 9 行.
SQL: SHOW COLUMNS FROM `meitu_product` [ RunTime:0.0278s ]
SQL: SELECT COUNT(*) AS tp_count FROM `meitu_product` LIMIT 1   [ RunTime:0.0006s ]
SQL: SELECT * FROM `meitu_product` LIMIT 0,12   [ RunTime:0.0008s ]
INFO: [ view_parse ] --START--
INFO: [ template_filter ] --START--
INFO: Run Behavior\ContentReplaceBehavior [ RunTime:0.000298s ]
INFO: [ template_filter ] --END-- [ RunTime:0.000412s ]
NOTIC: [8] Undefined variable: uname D:\WWW\Angelababy\Application\Runtime\Cache\Home\b3b0930c589e1b13b35054b640e2b2a7.php 第 49 行.
INFO: Run Behavior\ParseTemplateBehavior [ RunTime:0.055443s ]
INFO: [ view_parse ] --END-- [ RunTime:0.055510s ]
INFO: [ view_filter ] --START--
INFO: Run Behavior\WriteHtmlCacheBehavior [ RunTime:0.000624s ]
INFO: [ view_filter ] --END-- [ RunTime:0.000676s ]
INFO: [ app_end ] --START--
INFO: Run Behavior\ShowPageTraceBehavior [ RunTime:0.001517s ]
INFO: [ app_end ] --END-- [ RunTime:0.001615s ]

[ 2017-09-25T19:16:25+08:00 ] ::1 /Angelababy/Buycar/add
INFO: [ app_init ] --START--
INFO: Run Behavior\BuildLiteBehavior [ RunTime:0.000048s ]
INFO: [ app_init ] --END-- [ RunTime:0.001840s ]
INFO: [ app_begin ] --START--
INFO: Run Behavior\ReadHtmlCacheBehavior [ RunTime:0.000999s ]
INFO: [ app_begin ] --END-- [ RunTime:0.001065s ]
SQL: SHOW COLUMNS FROM `meitu_cart` [ RunTime:0.0425s ]
SQL: SHOW COLUMNS FROM `meitu_user` [ RunTime:0.0275s ]
NOTIC: [8] Undefined index: uname D:\WWW\Angelababy\Application\Home\Controller\BaseController.class.php 第 7 行.
SQL: SELECT `uid` FROM `meitu_user` LIMIT 1   [ RunTime:0.0006s ]
SQL: SELECT `cid` FROM `meitu_cart` LIMIT 1   [ RunTime:0.0005s ]
NOTIC: [8] A session had already been started - ignoring session_start() D:\WWW\Angelababy\Application\Home\Controller\BaseController.class.php 第 8 行.
NOTIC: [8] Undefined index: uname D:\WWW\Angelababy\Application\Home\Controller\BaseController.class.php 第 9 行.
SQL: SHOW COLUMNS FROM `meitu_cart_detail` [ RunTime:0.0282s ]
SQL: SELECT `count` FROM `meitu_cart_detail` WHERE `productId` = 1 LIMIT 1   [ RunTime:0.0007s ]
SQL: UPDATE `meitu_cart_detail` SET `count`='6' WHERE `productId` = 1 [ RunTime:0.0006s ]
INFO: [ app_end ] --START--
INFO: Run Behavior\ShowPageTraceBehavior [ RunTime:0.001506s ]
INFO: [ app_end ] --END-- [ RunTime:0.001591s ]

[ 2017-09-25T19:16:27+08:00 ] ::1 /Angelababy/Buycar/select
INFO: [ app_init ] --START--
INFO: Run Behavior\BuildLiteBehavior [ RunTime:0.000028s ]
INFO: [ app_init ] --END-- [ RunTime:0.001252s ]
INFO: [ app_begin ] --START--
INFO: Run Behavior\ReadHtmlCacheBehavior [ RunTime:0.001327s ]
INFO: [ app_begin ] --END-- [ RunTime:0.001415s ]
SQL: SHOW COLUMNS FROM `meitu_cart` [ RunTime:0.1093s ]
SQL: SHOW COLUMNS FROM `meitu_user` [ RunTime:0.0387s ]
NOTIC: [8] Undefined index: uname D:\WWW\Angelababy\Application\Home\Controller\BaseController.class.php 第 7 行.
SQL: SELECT `uid` FROM `meitu_user` LIMIT 1   [ RunTime:0.0006s ]
SQL: SELECT `cid` FROM `meitu_cart` LIMIT 1   [ RunTime:0.0006s ]
NOTIC: [8] A session had already been started - ignoring session_start() D:\WWW\Angelababy\Application\Home\Controller\BaseController.class.php 第 8 行.
NOTIC: [8] Undefined index: uname D:\WWW\Angelababy\Application\Home\Controller\BaseController.class.php 第 9 行.
SQL: SHOW COLUMNS FROM `meitu_cart_detail` [ RunTime:0.0290s ]
SQL: SELECT * FROM `meitu_cart_detail` INNER JOIN meitu_product  WHERE ( cartId=1 and productId=pid )  [ RunTime:0.0014s ]
INFO: [ app_end ] --START--
INFO: Run Behavior\ShowPageTraceBehavior [ RunTime:0.001494s ]
INFO: [ app_end ] --END-- [ RunTime:0.001595s ]

[ 2017-09-25T19:17:11+08:00 ] ::1 /Angelababy/buycar/buycar
INFO: [ app_init ] --START--
INFO: Run Behavior\BuildLiteBehavior [ RunTime:0.000014s ]
INFO: [ app_init ] --END-- [ RunTime:0.000718s ]
INFO: [ app_begin ] --START--
INFO: Run Behavior\ReadHtmlCacheBehavior [ RunTime:0.001019s ]
INFO: [ app_begin ] --END-- [ RunTime:0.001094s ]
SQL: SHOW COLUMNS FROM `meitu_cart` [ RunTime:0.0407s ]
SQL: SHOW COLUMNS FROM `meitu_user` [ RunTime:0.0385s ]
NOTIC: [8] Undefined index: uname D:\WWW\Angelababy\Application\Home\Controller\BaseController.class.php 第 7 行.
SQL: SELECT `uid` FROM `meitu_user` LIMIT 1   [ RunTime:0.0007s ]
SQL: SELECT `cid` FROM `meitu_cart` LIMIT 1   [ RunTime:0.0006s ]
NOTIC: [8] A session had already been started - ignoring session_start() D:\WWW\Angelababy\Application\Home\Controller\BaseController.class.php 第 8 行.
NOTIC: [8] Undefined index: uname D:\WWW\Angelababy\Application\Home\Controller\BaseController.class.php 第 9 行.
SQL: SHOW COLUMNS FROM `meitu_product` [ RunTime:0.0309s ]
SQL: SELECT COUNT(*) AS tp_count FROM `meitu_product` LIMIT 1   [ RunTime:0.0006s ]
SQL: SELECT * FROM `meitu_product` LIMIT 0,12   [ RunTime:0.0010s ]
INFO: [ view_parse ] --START--
INFO: [ template_filter ] --START--
INFO: Run Behavior\ContentReplaceBehavior [ RunTime:0.000302s ]
INFO: [ template_filter ] --END-- [ RunTime:0.000409s ]
NOTIC: [8] Undefined variable: uname D:\WWW\Angelababy\Application\Runtime\Cache\Home\b3b0930c589e1b13b35054b640e2b2a7.php 第 49 行.
INFO: Run Behavior\ParseTemplateBehavior [ RunTime:0.075671s ]
INFO: [ view_parse ] --END-- [ RunTime:0.075777s ]
INFO: [ view_filter ] --START--
INFO: Run Behavior\WriteHtmlCacheBehavior [ RunTime:0.000902s ]
INFO: [ view_filter ] --END-- [ RunTime:0.000976s ]
INFO: [ app_end ] --START--
INFO: Run Behavior\ShowPageTraceBehavior [ RunTime:0.002420s ]
INFO: [ app_end ] --END-- [ RunTime:0.002586s ]

[ 2017-09-25T19:17:16+08:00 ] ::1 /Angelababy/Buycar/add
INFO: [ app_init ] --START--
INFO: Run Behavior\BuildLiteBehavior [ RunTime:0.000014s ]
INFO: [ app_init ] --END-- [ RunTime:0.000562s ]
INFO: [ app_begin ] --START--
INFO: Run Behavior\ReadHtmlCacheBehavior [ RunTime:0.000740s ]
INFO: [ app_begin ] --END-- [ RunTime:0.000795s ]
SQL: SHOW COLUMNS FROM `meitu_cart` [ RunTime:0.0417s ]
SQL: SHOW COLUMNS FROM `meitu_user` [ RunTime:0.0294s ]
NOTIC: [8] Undefined index: uname D:\WWW\Angelababy\Application\Home\Controller\BaseController.class.php 第 7 行.
SQL: SELECT `uid` FROM `meitu_user` LIMIT 1   [ RunTime:0.0007s ]
SQL: SELECT `cid` FROM `meitu_cart` LIMIT 1   [ RunTime:0.0006s ]
NOTIC: [8] A session had already been started - ignoring session_start() D:\WWW\Angelababy\Application\Home\Controller\BaseController.class.php 第 8 行.
NOTIC: [8] Undefined index: uname D:\WWW\Angelababy\Application\Home\Controller\BaseController.class.php 第 9 行.
SQL: SHOW COLUMNS FROM `meitu_cart_detail` [ RunTime:0.0300s ]
SQL: SELECT `count` FROM `meitu_cart_detail` WHERE `productId` = 1 LIMIT 1   [ RunTime:0.0009s ]
SQL: UPDATE `meitu_cart_detail` SET `count`='7' WHERE `productId` = 1 [ RunTime:0.0007s ]
INFO: [ app_end ] --START--
INFO: Run Behavior\ShowPageTraceBehavior [ RunTime:0.001507s ]
INFO: [ app_end ] --END-- [ RunTime:0.001589s ]

[ 2017-09-25T19:17:17+08:00 ] ::1 /Angelababy/Buycar/select
INFO: [ app_init ] --START--
INFO: Run Behavior\BuildLiteBehavior [ RunTime:0.000023s ]
INFO: [ app_init ] --END-- [ RunTime:0.001159s ]
INFO: [ app_begin ] --START--
INFO: Run Behavior\ReadHtmlCacheBehavior [ RunTime:0.001337s ]
INFO: [ app_begin ] --END-- [ RunTime:0.001430s ]
SQL: SHOW COLUMNS FROM `meitu_cart` [ RunTime:0.0376s ]
SQL: SHOW COLUMNS FROM `meitu_user` [ RunTime:0.0311s ]
NOTIC: [8] Undefined index: uname D:\WWW\Angelababy\Application\Home\Controller\BaseController.class.php 第 7 行.
SQL: SELECT `uid` FROM `meitu_user` LIMIT 1   [ RunTime:0.0006s ]
SQL: SELECT `cid` FROM `meitu_cart` LIMIT 1   [ RunTime:0.0005s ]
NOTIC: [8] A session had already been started - ignoring session_start() D:\WWW\Angelababy\Application\Home\Controller\BaseController.class.php 第 8 行.
NOTIC: [8] Undefined index: uname D:\WWW\Angelababy\Application\Home\Controller\BaseController.class.php 第 9 行.
SQL: SHOW COLUMNS FROM `meitu_cart_detail` [ RunTime:0.0299s ]
SQL: SELECT * FROM `meitu_cart_detail` INNER JOIN meitu_product  WHERE ( cartId=1 and productId=pid )  [ RunTime:0.0021s ]
INFO: [ app_end ] --START--
INFO: Run Behavior\ShowPageTraceBehavior [ RunTime:0.001510s ]
INFO: [ app_end ] --END-- [ RunTime:0.001596s ]

[ 2017-09-25T19:17:39+08:00 ] ::1 /Angelababy/Buycar/add
INFO: [ app_init ] --START--
INFO: Run Behavior\BuildLiteBehavior [ RunTime:0.000013s ]
INFO: [ app_init ] --END-- [ RunTime:0.000658s ]
INFO: [ app_begin ] --START--
INFO: Run Behavior\ReadHtmlCacheBehavior [ RunTime:0.000792s ]
INFO: [ app_begin ] --END-- [ RunTime:0.000846s ]
SQL: SHOW COLUMNS FROM `meitu_cart` [ RunTime:0.0411s ]
SQL: SHOW COLUMNS FROM `meitu_user` [ RunTime:0.0294s ]
NOTIC: [8] Undefined index: uname D:\WWW\Angelababy\Application\Home\Controller\BaseController.class.php 第 7 行.
SQL: SELECT `uid` FROM `meitu_user` LIMIT 1   [ RunTime:0.0006s ]
SQL: SELECT `cid` FROM `meitu_cart` LIMIT 1   [ RunTime:0.0006s ]
NOTIC: [8] A session had already been started - ignoring session_start() D:\WWW\Angelababy\Application\Home\Controller\BaseController.class.php 第 8 行.
NOTIC: [8] Undefined index: uname D:\WWW\Angelababy\Application\Home\Controller\BaseController.class.php 第 9 行.
SQL: SHOW COLUMNS FROM `meitu_cart_detail` [ RunTime:0.0303s ]
SQL: SELECT `count` FROM `meitu_cart_detail` WHERE `productId` = 5 LIMIT 1   [ RunTime:0.0008s ]
SQL: INSERT INTO `meitu_cart_detail` (`did`,`cartId`,`productId`,`count`) VALUES (NULL,'1','5','1') [ RunTime:0.0007s ]
INFO: [ app_end ] --START--
INFO: Run Behavior\ShowPageTraceBehavior [ RunTime:0.001835s ]
INFO: [ app_end ] --END-- [ RunTime:0.001960s ]

[ 2017-09-25T19:17:40+08:00 ] ::1 /Angelababy/Buycar/select
INFO: [ app_init ] --START--
INFO: Run Behavior\BuildLiteBehavior [ RunTime:0.000015s ]
INFO: [ app_init ] --END-- [ RunTime:0.000703s ]
INFO: [ app_begin ] --START--
INFO: Run Behavior\ReadHtmlCacheBehavior [ RunTime:0.000825s ]
INFO: [ app_begin ] --END-- [ RunTime:0.000881s ]
SQL: SHOW COLUMNS FROM `meitu_cart` [ RunTime:0.0352s ]
SQL: SHOW COLUMNS FROM `meitu_user` [ RunTime:0.0311s ]
NOTIC: [8] Undefined index: uname D:\WWW\Angelababy\Application\Home\Controller\BaseController.class.php 第 7 行.
SQL: SELECT `uid` FROM `meitu_user` LIMIT 1   [ RunTime:0.0006s ]
SQL: SELECT `cid` FROM `meitu_cart` LIMIT 1   [ RunTime:0.0006s ]
NOTIC: [8] A session had already been started - ignoring session_start() D:\WWW\Angelababy\Application\Home\Controller\BaseController.class.php 第 8 行.
NOTIC: [8] Undefined index: uname D:\WWW\Angelababy\Application\Home\Controller\BaseController.class.php 第 9 行.
SQL: SHOW COLUMNS FROM `meitu_cart_detail` [ RunTime:0.0320s ]
SQL: SELECT * FROM `meitu_cart_detail` INNER JOIN meitu_product  WHERE ( cartId=1 and productId=pid )  [ RunTime:0.0010s ]
INFO: [ app_end ] --START--
INFO: Run Behavior\ShowPageTraceBehavior [ RunTime:0.001508s ]
INFO: [ app_end ] --END-- [ RunTime:0.001593s ]

[ 2017-09-25T19:19:06+08:00 ] ::1 /Angelababy/buycar/buycar
INFO: [ app_init ] --START--
INFO: Run Behavior\BuildLiteBehavior [ RunTime:0.000017s ]
INFO: [ app_init ] --END-- [ RunTime:0.000923s ]
INFO: [ app_begin ] --START--
INFO: Run Behavior\ReadHtmlCacheBehavior [ RunTime:0.000557s ]
INFO: [ app_begin ] --END-- [ RunTime:0.000599s ]
SQL: SHOW COLUMNS FROM `meitu_cart` [ RunTime:0.0452s ]
SQL: SHOW COLUMNS FROM `meitu_user` [ RunTime:0.0316s ]
NOTIC: [8] Undefined index: uname D:\WWW\Angelababy\Application\Home\Controller\BaseController.class.php 第 7 行.
SQL: SELECT `uid` FROM `meitu_user` LIMIT 1   [ RunTime:0.0006s ]
SQL: SELECT `cid` FROM `meitu_cart` LIMIT 1   [ RunTime:0.0006s ]
NOTIC: [8] A session had already been started - ignoring session_start() D:\WWW\Angelababy\Application\Home\Controller\BaseController.class.php 第 8 行.
NOTIC: [8] Undefined index: uname D:\WWW\Angelababy\Application\Home\Controller\BaseController.class.php 第 9 行.
SQL: SHOW COLUMNS FROM `meitu_product` [ RunTime:0.0310s ]
SQL: SELECT COUNT(*) AS tp_count FROM `meitu_product` LIMIT 1   [ RunTime:0.0006s ]
SQL: SELECT * FROM `meitu_product` LIMIT 0,12   [ RunTime:0.0010s ]
INFO: [ view_parse ] --START--
INFO: [ template_filter ] --START--
INFO: Run Behavior\ContentReplaceBehavior [ RunTime:0.000318s ]
INFO: [ template_filter ] --END-- [ RunTime:0.000429s ]
NOTIC: [8] Undefined variable: uname D:\WWW\Angelababy\Application\Runtime\Cache\Home\b3b0930c589e1b13b35054b640e2b2a7.php 第 49 行.
INFO: Run Behavior\ParseTemplateBehavior [ RunTime:0.059426s ]
INFO: [ view_parse ] --END-- [ RunTime:0.059505s ]
INFO: [ view_filter ] --START--
INFO: Run Behavior\WriteHtmlCacheBehavior [ RunTime:0.000676s ]
INFO: [ view_filter ] --END-- [ RunTime:0.000724s ]
INFO: [ app_end ] --START--
INFO: Run Behavior\ShowPageTraceBehavior [ RunTime:0.001804s ]
INFO: [ app_end ] --END-- [ RunTime:0.001924s ]

[ 2017-09-25T19:19:14+08:00 ] ::1 /Angelababy/buycar/buycar
INFO: [ app_init ] --START--
INFO: Run Behavior\BuildLiteBehavior [ RunTime:0.000016s ]
INFO: [ app_init ] --END-- [ RunTime:0.000671s ]
INFO: [ app_begin ] --START--
INFO: Run Behavior\ReadHtmlCacheBehavior [ RunTime:0.000820s ]
INFO: [ app_begin ] --END-- [ RunTime:0.000882s ]
SQL: SHOW COLUMNS FROM `meitu_cart` [ RunTime:0.0434s ]
SQL: SHOW COLUMNS FROM `meitu_user` [ RunTime:0.0309s ]
NOTIC: [8] Undefined index: uname D:\WWW\Angelababy\Application\Home\Controller\BaseController.class.php 第 7 行.
SQL: SELECT `uid` FROM `meitu_user` LIMIT 1   [ RunTime:0.0006s ]
SQL: SELECT `cid` FROM `meitu_cart` LIMIT 1   [ RunTime:0.0007s ]
NOTIC: [8] A session had already been started - ignoring session_start() D:\WWW\Angelababy\Application\Home\Controller\BaseController.class.php 第 8 行.
NOTIC: [8] Undefined index: uname D:\WWW\Angelababy\Application\Home\Controller\BaseController.class.php 第 9 行.
SQL: SHOW COLUMNS FROM `meitu_product` [ RunTime:0.0338s ]
SQL: SELECT COUNT(*) AS tp_count FROM `meitu_product` LIMIT 1   [ RunTime:0.0006s ]
SQL: SELECT * FROM `meitu_product` LIMIT 0,12   [ RunTime:0.0009s ]
INFO: [ view_parse ] --START--
INFO: [ template_filter ] --START--
INFO: Run Behavior\ContentReplaceBehavior [ RunTime:0.000323s ]
INFO: [ template_filter ] --END-- [ RunTime:0.000445s ]
NOTIC: [8] Undefined variable: uname D:\WWW\Angelababy\Application\Runtime\Cache\Home\b3b0930c589e1b13b35054b640e2b2a7.php 第 49 行.
INFO: Run Behavior\ParseTemplateBehavior [ RunTime:0.073138s ]
INFO: [ view_parse ] --END-- [ RunTime:0.073235s ]
INFO: [ view_filter ] --START--
INFO: Run Behavior\WriteHtmlCacheBehavior [ RunTime:0.000838s ]
INFO: [ view_filter ] --END-- [ RunTime:0.000911s ]
INFO: [ app_end ] --START--
INFO: Run Behavior\ShowPageTraceBehavior [ RunTime:0.002183s ]
INFO: [ app_end ] --END-- [ RunTime:0.002347s ]

[ 2017-09-25T19:19:20+08:00 ] ::1 /Angelababy/Buycar/add
INFO: [ app_init ] --START--
INFO: Run Behavior\BuildLiteBehavior [ RunTime:0.000013s ]
INFO: [ app_init ] --END-- [ RunTime:0.000668s ]
INFO: [ app_begin ] --START--
INFO: Run Behavior\ReadHtmlCacheBehavior [ RunTime:0.000787s ]
INFO: [ app_begin ] --END-- [ RunTime:0.000842s ]
SQL: SHOW COLUMNS FROM `meitu_cart` [ RunTime:0.0415s ]
SQL: SHOW COLUMNS FROM `meitu_user` [ RunTime:0.0357s ]
NOTIC: [8] Undefined index: uname D:\WWW\Angelababy\Application\Home\Controller\BaseController.class.php 第 7 行.
SQL: SELECT `uid` FROM `meitu_user` LIMIT 1   [ RunTime:0.0006s ]
SQL: SELECT `cid` FROM `meitu_cart` LIMIT 1   [ RunTime:0.0005s ]
NOTIC: [8] A session had already been started - ignoring session_start() D:\WWW\Angelababy\Application\Home\Controller\BaseController.class.php 第 8 行.
NOTIC: [8] Undefined index: uname D:\WWW\Angelababy\Application\Home\Controller\BaseController.class.php 第 9 行.
SQL: SHOW COLUMNS FROM `meitu_cart_detail` [ RunTime:0.0279s ]
SQL: SELECT `count` FROM `meitu_cart_detail` WHERE `productId` = 3 LIMIT 1   [ RunTime:0.0007s ]
SQL: UPDATE `meitu_cart_detail` SET `count`='3' WHERE `productId` = 3 [ RunTime:0.0007s ]
INFO: [ app_end ] --START--
INFO: Run Behavior\ShowPageTraceBehavior [ RunTime:0.001482s ]
INFO: [ app_end ] --END-- [ RunTime:0.001565s ]

[ 2017-09-25T19:19:21+08:00 ] ::1 /Angelababy/Buycar/select
INFO: [ app_init ] --START--
INFO: Run Behavior\BuildLiteBehavior [ RunTime:0.000022s ]
INFO: [ app_init ] --END-- [ RunTime:0.001081s ]
INFO: [ app_begin ] --START--
INFO: Run Behavior\ReadHtmlCacheBehavior [ RunTime:0.000927s ]
INFO: [ app_begin ] --END-- [ RunTime:0.000989s ]
SQL: SHOW COLUMNS FROM `meitu_cart` [ RunTime:0.0356s ]
SQL: SHOW COLUMNS FROM `meitu_user` [ RunTime:0.0274s ]
NOTIC: [8] Undefined index: uname D:\WWW\Angelababy\Application\Home\Controller\BaseController.class.php 第 7 行.
SQL: SELECT `uid` FROM `meitu_user` LIMIT 1   [ RunTime:0.0006s ]
SQL: SELECT `cid` FROM `meitu_cart` LIMIT 1   [ RunTime:0.0005s ]
NOTIC: [8] A session had already been started - ignoring session_start() D:\WWW\Angelababy\Application\Home\Controller\BaseController.class.php 第 8 行.
NOTIC: [8] Undefined index: uname D:\WWW\Angelababy\Application\Home\Controller\BaseController.class.php 第 9 行.
SQL: SHOW COLUMNS FROM `meitu_cart_detail` [ RunTime:0.0298s ]
SQL: SELECT * FROM `meitu_cart_detail` INNER JOIN meitu_product  WHERE ( cartId=1 and productId=pid )  [ RunTime:0.0010s ]
INFO: [ app_end ] --START--
INFO: Run Behavior\ShowPageTraceBehavior [ RunTime:0.001532s ]
INFO: [ app_end ] --END-- [ RunTime:0.001633s ]

[ 2017-09-25T19:20:10+08:00 ] ::1 /Angelababy/buycar/buycar
INFO: [ app_init ] --START--
INFO: Run Behavior\BuildLiteBehavior [ RunTime:0.000014s ]
INFO: [ app_init ] --END-- [ RunTime:0.000664s ]
INFO: [ app_begin ] --START--
INFO: Run Behavior\ReadHtmlCacheBehavior [ RunTime:0.000798s ]
INFO: [ app_begin ] --END-- [ RunTime:0.000859s ]
SQL: SHOW COLUMNS FROM `meitu_cart` [ RunTime:0.0422s ]
SQL: SHOW COLUMNS FROM `meitu_user` [ RunTime:0.0316s ]
NOTIC: [8] Undefined index: uname D:\WWW\Angelababy\Application\Home\Controller\BaseController.class.php 第 7 行.
SQL: SELECT `uid` FROM `meitu_user` LIMIT 1   [ RunTime:0.0006s ]
SQL: SELECT `cid` FROM `meitu_cart` LIMIT 1   [ RunTime:0.0006s ]
NOTIC: [8] A session had already been started - ignoring session_start() D:\WWW\Angelababy\Application\Home\Controller\BaseController.class.php 第 8 行.
NOTIC: [8] Undefined index: uname D:\WWW\Angelababy\Application\Home\Controller\BaseController.class.php 第 9 行.
SQL: SHOW COLUMNS FROM `meitu_product` [ RunTime:0.0312s ]
SQL: SELECT COUNT(*) AS tp_count FROM `meitu_product` LIMIT 1   [ RunTime:0.0007s ]
SQL: SELECT * FROM `meitu_product` LIMIT 0,12   [ RunTime:0.0008s ]
INFO: [ view_parse ] --START--
INFO: [ template_filter ] --START--
INFO: Run Behavior\ContentReplaceBehavior [ RunTime:0.000335s ]
INFO: [ template_filter ] --END-- [ RunTime:0.000437s ]
NOTIC: [8] Undefined variable: uname D:\WWW\Angelababy\Application\Runtime\Cache\Home\b3b0930c589e1b13b35054b640e2b2a7.php 第 49 行.
INFO: Run Behavior\ParseTemplateBehavior [ RunTime:0.072365s ]
INFO: [ view_parse ] --END-- [ RunTime:0.072479s ]
INFO: [ view_filter ] --START--
INFO: Run Behavior\WriteHtmlCacheBehavior [ RunTime:0.000902s ]
INFO: [ view_filter ] --END-- [ RunTime:0.000977s ]
INFO: [ app_end ] --START--
INFO: Run Behavior\ShowPageTraceBehavior [ RunTime:0.002251s ]
INFO: [ app_end ] --END-- [ RunTime:0.002411s ]

[ 2017-09-25T19:20:19+08:00 ] ::1 /Angelababy/Buycar/add
INFO: [ app_init ] --START--
INFO: Run Behavior\BuildLiteBehavior [ RunTime:0.000020s ]
INFO: [ app_init ] --END-- [ RunTime:0.001151s ]
INFO: [ app_begin ] --START--
INFO: Run Behavior\ReadHtmlCacheBehavior [ RunTime:0.001666s ]
INFO: [ app_begin ] --END-- [ RunTime:0.001808s ]
SQL: SHOW COLUMNS FROM `meitu_cart` [ RunTime:0.0396s ]
SQL: SHOW COLUMNS FROM `meitu_user` [ RunTime:0.0125s ]
NOTIC: [8] Undefined index: uname D:\WWW\Angelababy\Application\Home\Controller\BaseController.class.php 第 7 行.
SQL: SELECT `uid` FROM `meitu_user` LIMIT 1   [ RunTime:0.0003s ]
SQL: SELECT `cid` FROM `meitu_cart` LIMIT 1   [ RunTime:0.0002s ]
NOTIC: [8] A session had already been started - ignoring session_start() D:\WWW\Angelababy\Application\Home\Controller\BaseController.class.php 第 8 行.
NOTIC: [8] Undefined index: uname D:\WWW\Angelababy\Application\Home\Controller\BaseController.class.php 第 9 行.
SQL: SHOW COLUMNS FROM `meitu_cart_detail` [ RunTime:0.0113s ]
SQL: SELECT `count` FROM `meitu_cart_detail` WHERE `productId` = 3 LIMIT 1   [ RunTime:0.0003s ]
SQL: UPDATE `meitu_cart_detail` SET `count`='4' WHERE `productId` = 3 [ RunTime:0.0003s ]
INFO: [ app_end ] --START--
INFO: Run Behavior\ShowPageTraceBehavior [ RunTime:0.000600s ]
INFO: [ app_end ] --END-- [ RunTime:0.000632s ]

[ 2017-09-25T19:20:21+08:00 ] ::1 /Angelababy/Buycar/select
INFO: [ app_init ] --START--
INFO: Run Behavior\BuildLiteBehavior [ RunTime:0.000009s ]
INFO: [ app_init ] --END-- [ RunTime:0.000322s ]
INFO: [ app_begin ] --START--
INFO: Run Behavior\ReadHtmlCacheBehavior [ RunTime:0.000396s ]
INFO: [ app_begin ] --END-- [ RunTime:0.000424s ]
SQL: SHOW COLUMNS FROM `meitu_cart` [ RunTime:0.0494s ]
SQL: SHOW COLUMNS FROM `meitu_user` [ RunTime:0.0277s ]
NOTIC: [8] Undefined index: uname D:\WWW\Angelababy\Application\Home\Controller\BaseController.class.php 第 7 行.
SQL: SELECT `uid` FROM `meitu_user` LIMIT 1   [ RunTime:0.0006s ]
SQL: SELECT `cid` FROM `meitu_cart` LIMIT 1   [ RunTime:0.0005s ]
NOTIC: [8] A session had already been started - ignoring session_start() D:\WWW\Angelababy\Application\Home\Controller\BaseController.class.php 第 8 行.
NOTIC: [8] Undefined index: uname D:\WWW\Angelababy\Application\Home\Controller\BaseController.class.php 第 9 行.
SQL: SHOW COLUMNS FROM `meitu_cart_detail` [ RunTime:0.0399s ]
SQL: SELECT * FROM `meitu_cart_detail` INNER JOIN meitu_product  WHERE ( cartId=1 and productId=pid )  [ RunTime:0.0010s ]
INFO: [ app_end ] --START--
INFO: Run Behavior\ShowPageTraceBehavior [ RunTime:0.001491s ]
INFO: [ app_end ] --END-- [ RunTime:0.001576s ]

[ 2017-09-25T19:20:21+08:00 ] ::1 /Angelababy/buycar/images/57a9a8cf86cb727541.jpg!thumb220.jpg
INFO: [ app_init ] --START--
INFO: Run Behavior\BuildLiteBehavior [ RunTime:0.000011s ]
INFO: [ app_init ] --END-- [ RunTime:0.000571s ]

[ 2017-09-25T19:20:22+08:00 ] ::1 /Angelababy/buycar/images/57a7f01f9cb6085162.jpg!thumb220.jpg
INFO: [ app_init ] --START--
INFO: Run Behavior\BuildLiteBehavior [ RunTime:0.000031s ]
INFO: [ app_init ] --END-- [ RunTime:0.001684s ]

[ 2017-09-25T19:20:22+08:00 ] ::1 /Angelababy/buycar/images/579f0829b30f234760.jpg!thumb220.jpg
INFO: [ app_init ] --START--
INFO: Run Behavior\BuildLiteBehavior [ RunTime:0.000014s ]
INFO: [ app_init ] --END-- [ RunTime:0.000654s ]

[ 2017-09-25T19:20:22+08:00 ] ::1 /Angelababy/buycar/images/57a06a2a9621c72275.jpg!thumb220.jpg
INFO: [ app_init ] --START--
INFO: Run Behavior\BuildLiteBehavior [ RunTime:0.000023s ]
INFO: [ app_init ] --END-- [ RunTime:0.000776s ]

[ 2017-09-25T19:20:22+08:00 ] ::1 /Angelababy/buycar/images/5795a7f688e8313351.jpg!thumb220.jpg
INFO: [ app_init ] --START--
INFO: Run Behavior\BuildLiteBehavior [ RunTime:0.000018s ]
INFO: [ app_init ] --END-- [ RunTime:0.000751s ]

[ 2017-09-25T19:21:16+08:00 ] ::1 /Angelababy/buycar/buycar
INFO: [ app_init ] --START--
INFO: Run Behavior\BuildLiteBehavior [ RunTime:0.000024s ]
INFO: [ app_init ] --END-- [ RunTime:0.001262s ]
INFO: [ app_begin ] --START--
INFO: Run Behavior\ReadHtmlCacheBehavior [ RunTime:0.003256s ]
INFO: [ app_begin ] --END-- [ RunTime:0.003376s ]
SQL: SHOW COLUMNS FROM `meitu_cart` [ RunTime:0.0431s ]
SQL: SHOW COLUMNS FROM `meitu_user` [ RunTime:0.0333s ]
NOTIC: [8] Undefined index: uname D:\WWW\Angelababy\Application\Home\Controller\BaseController.class.php 第 7 行.
SQL: SELECT `uid` FROM `meitu_user` LIMIT 1   [ RunTime:0.0007s ]
SQL: SELECT `cid` FROM `meitu_cart` LIMIT 1   [ RunTime:0.0007s ]
NOTIC: [8] A session had already been started - ignoring session_start() D:\WWW\Angelababy\Application\Home\Controller\BaseController.class.php 第 8 行.
NOTIC: [8] Undefined index: uname D:\WWW\Angelababy\Application\Home\Controller\BaseController.class.php 第 9 行.
SQL: SHOW COLUMNS FROM `meitu_product` [ RunTime:0.0361s ]
SQL: SELECT COUNT(*) AS tp_count FROM `meitu_product` LIMIT 1   [ RunTime:0.0007s ]
SQL: SELECT * FROM `meitu_product` LIMIT 0,12   [ RunTime:0.0010s ]
INFO: [ view_parse ] --START--
INFO: [ template_filter ] --START--
INFO: Run Behavior\ContentReplaceBehavior [ RunTime:0.000584s ]
INFO: [ template_filter ] --END-- [ RunTime:0.000941s ]
NOTIC: [8] Undefined variable: uname D:\WWW\Angelababy\Application\Runtime\Cache\Home\b3b0930c589e1b13b35054b640e2b2a7.php 第 49 行.
INFO: Run Behavior\ParseTemplateBehavior [ RunTime:0.080043s ]
INFO: [ view_parse ] --END-- [ RunTime:0.080121s ]
INFO: [ view_filter ] --START--
INFO: Run Behavior\WriteHtmlCacheBehavior [ RunTime:0.000710s ]
INFO: [ view_filter ] --END-- [ RunTime:0.000762s ]
INFO: [ app_end ] --START--
INFO: Run Behavior\ShowPageTraceBehavior [ RunTime:0.001615s ]
INFO: [ app_end ] --END-- [ RunTime:0.001715s ]

[ 2017-09-25T19:21:21+08:00 ] ::1 /Angelababy/Buycar/add
INFO: [ app_init ] --START--
INFO: Run Behavior\BuildLiteBehavior [ RunTime:0.000015s ]
INFO: [ app_init ] --END-- [ RunTime:0.000755s ]
INFO: [ app_begin ] --START--
INFO: Run Behavior\ReadHtmlCacheBehavior [ RunTime:0.000718s ]
INFO: [ app_begin ] --END-- [ RunTime:0.000782s ]
SQL: SHOW COLUMNS FROM `meitu_cart` [ RunTime:0.1013s ]
SQL: SHOW COLUMNS FROM `meitu_user` [ RunTime:0.0207s ]
NOTIC: [8] Undefined index: uname D:\WWW\Angelababy\Application\Home\Controller\BaseController.class.php 第 7 行.
SQL: SELECT `uid` FROM `meitu_user` LIMIT 1   [ RunTime:0.0005s ]
SQL: SELECT `cid` FROM `meitu_cart` LIMIT 1   [ RunTime:0.0004s ]
NOTIC: [8] A session had already been started - ignoring session_start() D:\WWW\Angelababy\Application\Home\Controller\BaseController.class.php 第 8 行.
NOTIC: [8] Undefined index: uname D:\WWW\Angelababy\Application\Home\Controller\BaseController.class.php 第 9 行.
SQL: SHOW COLUMNS FROM `meitu_cart_detail` [ RunTime:0.0291s ]
SQL: SELECT `count` FROM `meitu_cart_detail` WHERE `productId` = 2 LIMIT 1   [ RunTime:0.0007s ]
SQL: UPDATE `meitu_cart_detail` SET `count`='4' WHERE `productId` = 2 [ RunTime:0.0007s ]
INFO: [ app_end ] --START--
INFO: Run Behavior\ShowPageTraceBehavior [ RunTime:0.001671s ]
INFO: [ app_end ] --END-- [ RunTime:0.001779s ]

[ 2017-09-25T19:21:22+08:00 ] ::1 /Angelababy/Buycar/select
INFO: [ app_init ] --START--
INFO: Run Behavior\BuildLiteBehavior [ RunTime:0.000012s ]
INFO: [ app_init ] --END-- [ RunTime:0.000555s ]
INFO: [ app_begin ] --START--
INFO: Run Behavior\ReadHtmlCacheBehavior [ RunTime:0.000657s ]
INFO: [ app_begin ] --END-- [ RunTime:0.000701s ]
SQL: SHOW COLUMNS FROM `meitu_cart` [ RunTime:0.0467s ]
SQL: SHOW COLUMNS FROM `meitu_user` [ RunTime:0.0265s ]
NOTIC: [8] Undefined index: uname D:\WWW\Angelababy\Application\Home\Controller\BaseController.class.php 第 7 行.
SQL: SELECT `uid` FROM `meitu_user` LIMIT 1   [ RunTime:0.0003s ]
SQL: SELECT `cid` FROM `meitu_cart` LIMIT 1   [ RunTime:0.0002s ]
NOTIC: [8] A session had already been started - ignoring session_start() D:\WWW\Angelababy\Application\Home\Controller\BaseController.class.php 第 8 行.
NOTIC: [8] Undefined index: uname D:\WWW\Angelababy\Application\Home\Controller\BaseController.class.php 第 9 行.
SQL: SHOW COLUMNS FROM `meitu_cart_detail` [ RunTime:0.0163s ]
SQL: SELECT * FROM `meitu_cart_detail` INNER JOIN meitu_product  WHERE ( cartId=1 and productId=pid )  [ RunTime:0.0007s ]
INFO: [ app_end ] --START--
INFO: Run Behavior\ShowPageTraceBehavior [ RunTime:0.000808s ]
INFO: [ app_end ] --END-- [ RunTime:0.000861s ]

[ 2017-09-25T19:22:05+08:00 ] ::1 /Angelababy/buycar/buycar
INFO: [ app_init ] --START--
INFO: Run Behavior\BuildLiteBehavior [ RunTime:0.000023s ]
INFO: [ app_init ] --END-- [ RunTime:0.001205s ]
INFO: [ app_begin ] --START--
INFO: Run Behavior\ReadHtmlCacheBehavior [ RunTime:0.001580s ]
INFO: [ app_begin ] --END-- [ RunTime:0.001697s ]
SQL: SHOW COLUMNS FROM `meitu_cart` [ RunTime:0.0442s ]
SQL: SHOW COLUMNS FROM `meitu_user` [ RunTime:0.0294s ]
NOTIC: [8] Undefined index: uname D:\WWW\Angelababy\Application\Home\Controller\BaseController.class.php 第 7 行.
SQL: SELECT `uid` FROM `meitu_user` LIMIT 1   [ RunTime:0.0006s ]
SQL: SELECT `cid` FROM `meitu_cart` LIMIT 1   [ RunTime:0.0006s ]
NOTIC: [8] A session had already been started - ignoring session_start() D:\WWW\Angelababy\Application\Home\Controller\BaseController.class.php 第 8 行.
NOTIC: [8] Undefined index: uname D:\WWW\Angelababy\Application\Home\Controller\BaseController.class.php 第 9 行.
SQL: SHOW COLUMNS FROM `meitu_product` [ RunTime:0.0312s ]
SQL: SELECT COUNT(*) AS tp_count FROM `meitu_product` LIMIT 1   [ RunTime:0.0006s ]
SQL: SELECT * FROM `meitu_product` LIMIT 0,12   [ RunTime:0.0009s ]
INFO: [ view_parse ] --START--
INFO: [ template_filter ] --START--
INFO: Run Behavior\ContentReplaceBehavior [ RunTime:0.000332s ]
INFO: [ template_filter ] --END-- [ RunTime:0.000435s ]
NOTIC: [8] Undefined variable: uname D:\WWW\Angelababy\Application\Runtime\Cache\Home\b3b0930c589e1b13b35054b640e2b2a7.php 第 49 行.
INFO: Run Behavior\ParseTemplateBehavior [ RunTime:0.072629s ]
INFO: [ view_parse ] --END-- [ RunTime:0.072700s ]
INFO: [ view_filter ] --START--
INFO: Run Behavior\WriteHtmlCacheBehavior [ RunTime:0.000655s ]
INFO: [ view_filter ] --END-- [ RunTime:0.000702s ]
INFO: [ app_end ] --START--
INFO: Run Behavior\ShowPageTraceBehavior [ RunTime:0.001622s ]
INFO: [ app_end ] --END-- [ RunTime:0.001722s ]

[ 2017-09-25T19:22:11+08:00 ] ::1 /Angelababy/Buycar/add
INFO: [ app_init ] --START--
INFO: Run Behavior\BuildLiteBehavior [ RunTime:0.000017s ]
INFO: [ app_init ] --END-- [ RunTime:0.000853s ]
INFO: [ app_begin ] --START--
INFO: Run Behavior\ReadHtmlCacheBehavior [ RunTime:0.001735s ]
INFO: [ app_begin ] --END-- [ RunTime:0.001903s ]
SQL: SHOW COLUMNS FROM `meitu_cart` [ RunTime:0.0543s ]
SQL: SHOW COLUMNS FROM `meitu_user` [ RunTime:0.0396s ]
NOTIC: [8] Undefined index: uname D:\WWW\Angelababy\Application\Home\Controller\BaseController.class.php 第 7 行.
SQL: SELECT `uid` FROM `meitu_user` LIMIT 1   [ RunTime:0.0006s ]
SQL: SELECT `cid` FROM `meitu_cart` LIMIT 1   [ RunTime:0.0006s ]
NOTIC: [8] A session had already been started - ignoring session_start() D:\WWW\Angelababy\Application\Home\Controller\BaseController.class.php 第 8 行.
NOTIC: [8] Undefined index: uname D:\WWW\Angelababy\Application\Home\Controller\BaseController.class.php 第 9 行.
SQL: SHOW COLUMNS FROM `meitu_cart_detail` [ RunTime:0.0398s ]
SQL: SELECT `count` FROM `meitu_cart_detail` WHERE `productId` = 1 LIMIT 1   [ RunTime:0.0007s ]
SQL: UPDATE `meitu_cart_detail` SET `count`='8' WHERE `productId` = 1 [ RunTime:0.0007s ]
INFO: [ app_end ] --START--
INFO: Run Behavior\ShowPageTraceBehavior [ RunTime:0.002671s ]
INFO: [ app_end ] --END-- [ RunTime:0.002792s ]

[ 2017-09-25T19:22:12+08:00 ] ::1 /Angelababy/Buycar/select
INFO: [ app_init ] --START--
INFO: Run Behavior\BuildLiteBehavior [ RunTime:0.000049s ]
INFO: [ app_init ] --END-- [ RunTime:0.000900s ]
INFO: [ app_begin ] --START--
INFO: Run Behavior\ReadHtmlCacheBehavior [ RunTime:0.000992s ]
INFO: [ app_begin ] --END-- [ RunTime:0.001081s ]
SQL: SHOW COLUMNS FROM `meitu_cart` [ RunTime:0.0545s ]
SQL: SHOW COLUMNS FROM `meitu_user` [ RunTime:0.0282s ]
NOTIC: [8] Undefined index: uname D:\WWW\Angelababy\Application\Home\Controller\BaseController.class.php 第 7 行.
SQL: SELECT `uid` FROM `meitu_user` LIMIT 1   [ RunTime:0.0006s ]
SQL: SELECT `cid` FROM `meitu_cart` LIMIT 1   [ RunTime:0.0006s ]
NOTIC: [8] A session had already been started - ignoring session_start() D:\WWW\Angelababy\Application\Home\Controller\BaseController.class.php 第 8 行.
NOTIC: [8] Undefined index: uname D:\WWW\Angelababy\Application\Home\Controller\BaseController.class.php 第 9 行.
SQL: SHOW COLUMNS FROM `meitu_cart_detail` [ RunTime:0.0276s ]
SQL: SELECT * FROM `meitu_cart_detail` INNER JOIN meitu_product  WHERE ( cartId=1 and productId=pid )  [ RunTime:0.0010s ]
INFO: [ app_end ] --START--
INFO: Run Behavior\ShowPageTraceBehavior [ RunTime:0.001502s ]
INFO: [ app_end ] --END-- [ RunTime:0.001589s ]

[ 2017-09-25T19:22:22+08:00 ] ::1 /Angelababy/Buycar/add
INFO: [ app_init ] --START--
INFO: Run Behavior\BuildLiteBehavior [ RunTime:0.000016s ]
INFO: [ app_init ] --END-- [ RunTime:0.000864s ]
INFO: [ app_begin ] --START--
INFO: Run Behavior\ReadHtmlCacheBehavior [ RunTime:0.001124s ]
INFO: [ app_begin ] --END-- [ RunTime:0.001205s ]
SQL: SHOW COLUMNS FROM `meitu_cart` [ RunTime:0.0578s ]
SQL: SHOW COLUMNS FROM `meitu_user` [ RunTime:0.0656s ]
NOTIC: [8] Undefined index: uname D:\WWW\Angelababy\Application\Home\Controller\BaseController.class.php 第 7 行.
SQL: SELECT `uid` FROM `meitu_user` LIMIT 1   [ RunTime:0.0006s ]
SQL: SELECT `cid` FROM `meitu_cart` LIMIT 1   [ RunTime:0.0006s ]
NOTIC: [8] A session had already been started - ignoring session_start() D:\WWW\Angelababy\Application\Home\Controller\BaseController.class.php 第 8 行.
NOTIC: [8] Undefined index: uname D:\WWW\Angelababy\Application\Home\Controller\BaseController.class.php 第 9 行.
SQL: SHOW COLUMNS FROM `meitu_cart_detail` [ RunTime:0.0276s ]
SQL: SELECT `count` FROM `meitu_cart_detail` WHERE `productId` = 7 LIMIT 1   [ RunTime:0.0007s ]
SQL: INSERT INTO `meitu_cart_detail` (`did`,`cartId`,`productId`,`count`) VALUES (NULL,'1','7','1') [ RunTime:0.0007s ]
INFO: [ app_end ] --START--
INFO: Run Behavior\ShowPageTraceBehavior [ RunTime:0.001653s ]
INFO: [ app_end ] --END-- [ RunTime:0.001757s ]

[ 2017-09-25T19:22:23+08:00 ] ::1 /Angelababy/Buycar/select
INFO: [ app_init ] --START--
INFO: Run Behavior\BuildLiteBehavior [ RunTime:0.000022s ]
INFO: [ app_init ] --END-- [ RunTime:0.001115s ]
INFO: [ app_begin ] --START--
INFO: Run Behavior\ReadHtmlCacheBehavior [ RunTime:0.001314s ]
INFO: [ app_begin ] --END-- [ RunTime:0.001402s ]
SQL: SHOW COLUMNS FROM `meitu_cart` [ RunTime:0.0427s ]
SQL: SHOW COLUMNS FROM `meitu_user` [ RunTime:0.0224s ]
NOTIC: [8] Undefined index: uname D:\WWW\Angelababy\Application\Home\Controller\BaseController.class.php 第 7 行.
SQL: SELECT `uid` FROM `meitu_user` LIMIT 1   [ RunTime:0.0003s ]
SQL: SELECT `cid` FROM `meitu_cart` LIMIT 1   [ RunTime:0.0006s ]
NOTIC: [8] A session had already been started - ignoring session_start() D:\WWW\Angelababy\Application\Home\Controller\BaseController.class.php 第 8 行.
NOTIC: [8] Undefined index: uname D:\WWW\Angelababy\Application\Home\Controller\BaseController.class.php 第 9 行.
SQL: SHOW COLUMNS FROM `meitu_cart_detail` [ RunTime:0.0176s ]
SQL: SELECT * FROM `meitu_cart_detail` INNER JOIN meitu_product  WHERE ( cartId=1 and productId=pid )  [ RunTime:0.0005s ]
INFO: [ app_end ] --START--
INFO: Run Behavior\ShowPageTraceBehavior [ RunTime:0.000752s ]
INFO: [ app_end ] --END-- [ RunTime:0.000793s ]

[ 2017-09-25T19:23:53+08:00 ] ::1 /Angelababy/Buycar/add
INFO: [ app_init ] --START--
INFO: Run Behavior\BuildLiteBehavior [ RunTime:0.000023s ]
INFO: [ app_init ] --END-- [ RunTime:0.000807s ]
INFO: [ app_begin ] --START--
INFO: Run Behavior\ReadHtmlCacheBehavior [ RunTime:0.000497s ]
INFO: [ app_begin ] --END-- [ RunTime:0.000533s ]
SQL: SHOW COLUMNS FROM `meitu_cart` [ RunTime:0.0494s ]
SQL: SHOW COLUMNS FROM `meitu_user` [ RunTime:0.0234s ]
NOTIC: [8] Undefined index: uname D:\WWW\Angelababy\Application\Home\Controller\BaseController.class.php 第 7 行.
SQL: SELECT `uid` FROM `meitu_user` LIMIT 1   [ RunTime:0.0003s ]
SQL: SELECT `cid` FROM `meitu_cart` LIMIT 1   [ RunTime:0.0003s ]
NOTIC: [8] A session had already been started - ignoring session_start() D:\WWW\Angelababy\Application\Home\Controller\BaseController.class.php 第 8 行.
NOTIC: [8] Undefined index: uname D:\WWW\Angelababy\Application\Home\Controller\BaseController.class.php 第 9 行.
SQL: SHOW COLUMNS FROM `meitu_cart_detail` [ RunTime:0.0255s ]
SQL: SELECT `count` FROM `meitu_cart_detail` WHERE `productId` = 8 LIMIT 1   [ RunTime:0.0003s ]
SQL: INSERT INTO `meitu_cart_detail` (`did`,`cartId`,`productId`,`count`) VALUES (NULL,'1','8','1') [ RunTime:0.0003s ]
INFO: [ app_end ] --START--
INFO: Run Behavior\ShowPageTraceBehavior [ RunTime:0.000727s ]
INFO: [ app_end ] --END-- [ RunTime:0.000771s ]

[ 2017-09-25T19:23:54+08:00 ] ::1 /Angelababy/Buycar/select
INFO: [ app_init ] --START--
INFO: Run Behavior\BuildLiteBehavior [ RunTime:0.000009s ]
INFO: [ app_init ] --END-- [ RunTime:0.000451s ]
INFO: [ app_begin ] --START--
INFO: Run Behavior\ReadHtmlCacheBehavior [ RunTime:0.000771s ]
INFO: [ app_begin ] --END-- [ RunTime:0.000841s ]
SQL: SHOW COLUMNS FROM `meitu_cart` [ RunTime:0.0258s ]
SQL: SHOW COLUMNS FROM `meitu_user` [ RunTime:0.0186s ]
NOTIC: [8] Undefined index: uname D:\WWW\Angelababy\Application\Home\Controller\BaseController.class.php 第 7 行.
SQL: SELECT `uid` FROM `meitu_user` LIMIT 1   [ RunTime:0.0003s ]
SQL: SELECT `cid` FROM `meitu_cart` LIMIT 1   [ RunTime:0.0002s ]
NOTIC: [8] A session had already been started - ignoring session_start() D:\WWW\Angelababy\Application\Home\Controller\BaseController.class.php 第 8 行.
NOTIC: [8] Undefined index: uname D:\WWW\Angelababy\Application\Home\Controller\BaseController.class.php 第 9 行.
SQL: SHOW COLUMNS FROM `meitu_cart_detail` [ RunTime:0.0156s ]
SQL: SELECT * FROM `meitu_cart_detail` INNER JOIN meitu_product  WHERE ( cartId=1 and productId=pid )  [ RunTime:0.0005s ]
INFO: [ app_end ] --START--
INFO: Run Behavior\ShowPageTraceBehavior [ RunTime:0.000802s ]
INFO: [ app_end ] --END-- [ RunTime:0.000866s ]

[ 2017-09-25T19:24:04+08:00 ] ::1 /Angelababy/Buycar/add
INFO: [ app_init ] --START--
INFO: Run Behavior\BuildLiteBehavior [ RunTime:0.000017s ]
INFO: [ app_init ] --END-- [ RunTime:0.000966s ]
INFO: [ app_begin ] --START--
INFO: Run Behavior\ReadHtmlCacheBehavior [ RunTime:0.000662s ]
INFO: [ app_begin ] --END-- [ RunTime:0.000739s ]
SQL: SHOW COLUMNS FROM `meitu_cart` [ RunTime:0.0565s ]
SQL: SHOW COLUMNS FROM `meitu_user` [ RunTime:0.0315s ]
NOTIC: [8] Undefined index: uname D:\WWW\Angelababy\Application\Home\Controller\BaseController.class.php 第 7 行.
SQL: SELECT `uid` FROM `meitu_user` LIMIT 1   [ RunTime:0.0019s ]
SQL: SELECT `cid` FROM `meitu_cart` LIMIT 1   [ RunTime:0.0006s ]
NOTIC: [8] A session had already been started - ignoring session_start() D:\WWW\Angelababy\Application\Home\Controller\BaseController.class.php 第 8 行.
NOTIC: [8] Undefined index: uname D:\WWW\Angelababy\Application\Home\Controller\BaseController.class.php 第 9 行.
SQL: SHOW COLUMNS FROM `meitu_cart_detail` [ RunTime:0.0322s ]
SQL: SELECT `count` FROM `meitu_cart_detail` WHERE `productId` = 12 LIMIT 1   [ RunTime:0.0007s ]
SQL: INSERT INTO `meitu_cart_detail` (`did`,`cartId`,`productId`,`count`) VALUES (NULL,'1','12','1') [ RunTime:0.0007s ]
INFO: [ app_end ] --START--
INFO: Run Behavior\ShowPageTraceBehavior [ RunTime:0.001728s ]
INFO: [ app_end ] --END-- [ RunTime:0.001811s ]

[ 2017-09-25T19:24:05+08:00 ] ::1 /Angelababy/Buycar/select
INFO: [ app_init ] --START--
INFO: Run Behavior\BuildLiteBehavior [ RunTime:0.000022s ]
INFO: [ app_init ] --END-- [ RunTime:0.001200s ]
INFO: [ app_begin ] --START--
INFO: Run Behavior\ReadHtmlCacheBehavior [ RunTime:0.000888s ]
INFO: [ app_begin ] --END-- [ RunTime:0.000950s ]
SQL: SHOW COLUMNS FROM `meitu_cart` [ RunTime:0.0400s ]
SQL: SHOW COLUMNS FROM `meitu_user` [ RunTime:0.0325s ]
NOTIC: [8] Undefined index: uname D:\WWW\Angelababy\Application\Home\Controller\BaseController.class.php 第 7 行.
SQL: SELECT `uid` FROM `meitu_user` LIMIT 1   [ RunTime:0.0007s ]
SQL: SELECT `cid` FROM `meitu_cart` LIMIT 1   [ RunTime:0.0006s ]
NOTIC: [8] A session had already been started - ignoring session_start() D:\WWW\Angelababy\Application\Home\Controller\BaseController.class.php 第 8 行.
NOTIC: [8] Undefined index: uname D:\WWW\Angelababy\Application\Home\Controller\BaseController.class.php 第 9 行.
SQL: SHOW COLUMNS FROM `meitu_cart_detail` [ RunTime:0.0302s ]
SQL: SELECT * FROM `meitu_cart_detail` INNER JOIN meitu_product  WHERE ( cartId=1 and productId=pid )  [ RunTime:0.0011s ]
INFO: [ app_end ] --START--
INFO: Run Behavior\ShowPageTraceBehavior [ RunTime:0.001513s ]
INFO: [ app_end ] --END-- [ RunTime:0.001596s ]

[ 2017-09-25T19:24:17+08:00 ] ::1 /Angelababy/buycar/index.html
INFO: [ app_init ] --START--
INFO: Run Behavior\BuildLiteBehavior [ RunTime:0.000007s ]
INFO: [ app_init ] --END-- [ RunTime:0.000329s ]
INFO: [ app_begin ] --START--
INFO: Run Behavior\ReadHtmlCacheBehavior [ RunTime:0.001085s ]
INFO: [ app_begin ] --END-- [ RunTime:0.001292s ]
SQL: SHOW COLUMNS FROM `meitu_cart` [ RunTime:0.0434s ]
SQL: SHOW COLUMNS FROM `meitu_user` [ RunTime:0.0375s ]
NOTIC: [8] Undefined index: uname D:\WWW\Angelababy\Application\Home\Controller\BaseController.class.php 第 7 行.
SQL: SELECT `uid` FROM `meitu_user` LIMIT 1   [ RunTime:0.0006s ]
SQL: SELECT `cid` FROM `meitu_cart` LIMIT 1   [ RunTime:0.0005s ]
NOTIC: [8] A session had already been started - ignoring session_start() D:\WWW\Angelababy\Application\Home\Controller\BaseController.class.php 第 8 行.
NOTIC: [8] Undefined index: uname D:\WWW\Angelababy\Application\Home\Controller\BaseController.class.php 第 9 行.
ERR: 非法操作:index

[ 2017-09-25T19:24:26+08:00 ] ::1 /Angelababy/index/index
INFO: [ app_init ] --START--
INFO: Run Behavior\BuildLiteBehavior [ RunTime:0.000008s ]
INFO: [ app_init ] --END-- [ RunTime:0.000409s ]
INFO: [ app_begin ] --START--
INFO: Run Behavior\ReadHtmlCacheBehavior [ RunTime:0.001270s ]
INFO: [ app_begin ] --END-- [ RunTime:0.001360s ]
SQL: SHOW COLUMNS FROM `meitu_cart` [ RunTime:0.0262s ]
SQL: SHOW COLUMNS FROM `meitu_user` [ RunTime:0.0159s ]
NOTIC: [8] Undefined index: uname D:\WWW\Angelababy\Application\Home\Controller\BaseController.class.php 第 7 行.
SQL: SELECT `uid` FROM `meitu_user` LIMIT 1   [ RunTime:0.0003s ]
SQL: SELECT `cid` FROM `meitu_cart` LIMIT 1   [ RunTime:0.0002s ]
NOTIC: [8] A session had already been started - ignoring session_start() D:\WWW\Angelababy\Application\Home\Controller\BaseController.class.php 第 8 行.
NOTIC: [8] Undefined index: uname D:\WWW\Angelababy\Application\Home\Controller\BaseController.class.php 第 9 行.
INFO: [ view_parse ] --START--
INFO: [ template_filter ] --START--
INFO: Run Behavior\ContentReplaceBehavior [ RunTime:0.000227s ]
INFO: [ template_filter ] --END-- [ RunTime:0.000263s ]
NOTIC: [8] Undefined variable: uname D:\WWW\Angelababy\Application\Runtime\Cache\Home\2a94b8bda04ff446dcedd42276fc99ee.php 第 49 行.
INFO: Run Behavior\ParseTemplateBehavior [ RunTime:0.028099s ]
INFO: [ view_parse ] --END-- [ RunTime:0.028130s ]
INFO: [ view_filter ] --START--
INFO: Run Behavior\WriteHtmlCacheBehavior [ RunTime:0.000360s ]
INFO: [ view_filter ] --END-- [ RunTime:0.000386s ]
INFO: [ app_end ] --START--
INFO: Run Behavior\ShowPageTraceBehavior [ RunTime:0.000815s ]
INFO: [ app_end ] --END-- [ RunTime:0.000894s ]

