[ 2017-09-22T19:49:55+08:00 ] ::1 /Angelababy/index.php/Buycar/buycar/p/2.html
INFO: [ app_init ] --START--
INFO: Run Behavior\BuildLiteBehavior [ RunTime:0.000010s ]
INFO: [ app_init ] --END-- [ RunTime:0.000888s ]
INFO: [ app_begin ] --START--
INFO: Run Behavior\ReadHtmlCacheBehavior [ RunTime:0.000595s ]
INFO: [ app_begin ] --END-- [ RunTime:0.000634s ]
NOTIC: [8] A session had already been started - ignoring session_start() D:\WWW\Angelababy\Application\Home\Controller\BaseController.class.php 第 6 行.
SQL: SHOW COLUMNS FROM `meitu_product` [ RunTime:0.0398s ]
SQL: SELECT COUNT(*) AS tp_count FROM `meitu_product` LIMIT 1   [ RunTime:0.0006s ]
SQL: SELECT * FROM `meitu_product` LIMIT 12,12   [ RunTime:0.0008s ]
INFO: [ view_parse ] --START--
INFO: [ template_filter ] --START--
INFO: Run Behavior\ContentReplaceBehavior [ RunTime:0.000311s ]
INFO: [ template_filter ] --END-- [ RunTime:0.000445s ]
INFO: Run Behavior\ParseTemplateBehavior [ RunTime:0.074391s ]
INFO: [ view_parse ] --END-- [ RunTime:0.074475s ]
INFO: [ view_filter ] --START--
INFO: Run Behavior\WriteHtmlCacheBehavior [ RunTime:0.000710s ]
INFO: [ view_filter ] --END-- [ RunTime:0.000759s ]
INFO: [ app_end ] --START--
INFO: Run Behavior\ShowPageTraceBehavior [ RunTime:0.001825s ]
INFO: [ app_end ] --END-- [ RunTime:0.001929s ]

[ 2017-09-22T19:49:59+08:00 ] ::1 /Angelababy/index.php/Buycar/buycar/p/php/buycar_add.php
INFO: [ app_init ] --START--
INFO: Run Behavior\BuildLiteBehavior [ RunTime:0.000018s ]
INFO: [ app_init ] --END-- [ RunTime:0.001120s ]
INFO: [ app_begin ] --START--
INFO: Run Behavior\ReadHtmlCacheBehavior [ RunTime:0.000843s ]
INFO: [ app_begin ] --END-- [ RunTime:0.000929s ]
NOTIC: [8] A session had already been started - ignoring session_start() D:\WWW\Angelababy\Application\Home\Controller\BaseController.class.php 第 6 行.
SQL: SHOW COLUMNS FROM `meitu_product` [ RunTime:0.0580s ]
SQL: SELECT COUNT(*) AS tp_count FROM `meitu_product` LIMIT 1   [ RunTime:0.0003s ]
SQL: SELECT * FROM `meitu_product` LIMIT 0,12   [ RunTime:0.0004s ]
INFO: [ view_parse ] --START--
INFO: [ template_filter ] --START--
INFO: Run Behavior\ContentReplaceBehavior [ RunTime:0.000312s ]
INFO: [ template_filter ] --END-- [ RunTime:0.000720s ]
INFO: Run Behavior\ParseTemplateBehavior [ RunTime:0.049429s ]
INFO: [ view_parse ] --END-- [ RunTime:0.049470s ]
INFO: [ view_filter ] --START--
INFO: Run Behavior\WriteHtmlCacheBehavior [ RunTime:0.000381s ]
INFO: [ view_filter ] --END-- [ RunTime:0.000408s ]
INFO: [ app_end ] --START--
INFO: Run Behavior\ShowPageTraceBehavior [ RunTime:0.000983s ]
INFO: [ app_end ] --END-- [ RunTime:0.001035s ]

[ 2017-09-22T19:50:09+08:00 ] ::1 /Angelababy/buycar/buycar
INFO: [ app_init ] --START--
INFO: Run Behavior\BuildLiteBehavior [ RunTime:0.000022s ]
INFO: [ app_init ] --END-- [ RunTime:0.001124s ]
INFO: [ app_begin ] --START--
INFO: Run Behavior\ReadHtmlCacheBehavior [ RunTime:0.001353s ]
INFO: [ app_begin ] --END-- [ RunTime:0.001456s ]
NOTIC: [8] A session had already been started - ignoring session_start() D:\WWW\Angelababy\Application\Home\Controller\BaseController.class.php 第 6 行.
SQL: SHOW COLUMNS FROM `meitu_product` [ RunTime:0.0520s ]
SQL: SELECT COUNT(*) AS tp_count FROM `meitu_product` LIMIT 1   [ RunTime:0.0007s ]
SQL: SELECT * FROM `meitu_product` LIMIT 0,12   [ RunTime:0.0011s ]
INFO: [ view_parse ] --START--
INFO: [ template_filter ] --START--
INFO: Run Behavior\ContentReplaceBehavior [ RunTime:0.000321s ]
INFO: [ template_filter ] --END-- [ RunTime:0.000444s ]
INFO: Run Behavior\ParseTemplateBehavior [ RunTime:0.107224s ]
INFO: [ view_parse ] --END-- [ RunTime:0.107369s ]
INFO: [ view_filter ] --START--
INFO: Run Behavior\WriteHtmlCacheBehavior [ RunTime:0.001569s ]
INFO: [ view_filter ] --END-- [ RunTime:0.001711s ]
INFO: [ app_end ] --START--
INFO: Run Behavior\ShowPageTraceBehavior [ RunTime:0.003347s ]
INFO: [ app_end ] --END-- [ RunTime:0.003515s ]

[ 2017-09-22T19:50:13+08:00 ] ::1 /Angelababy/buycar/php/buycar_add.php
INFO: [ app_init ] --START--
INFO: Run Behavior\BuildLiteBehavior [ RunTime:0.000020s ]
INFO: [ app_init ] --END-- [ RunTime:0.000567s ]
INFO: [ app_begin ] --START--
INFO: Run Behavior\ReadHtmlCacheBehavior [ RunTime:0.000774s ]
INFO: [ app_begin ] --END-- [ RunTime:0.000848s ]
NOTIC: [8] A session had already been started - ignoring session_start() D:\WWW\Angelababy\Application\Home\Controller\BaseController.class.php 第 6 行.
ERR: 非法操作:php

[ 2017-09-22T19:50:58+08:00 ] ::1 /Angelababy/buycar/buycar
INFO: [ app_init ] --START--
INFO: Run Behavior\BuildLiteBehavior [ RunTime:0.000013s ]
INFO: [ app_init ] --END-- [ RunTime:0.001291s ]
INFO: [ app_begin ] --START--
INFO: Run Behavior\ReadHtmlCacheBehavior [ RunTime:0.000753s ]
INFO: [ app_begin ] --END-- [ RunTime:0.000814s ]
NOTIC: [8] A session had already been started - ignoring session_start() D:\WWW\Angelababy\Application\Home\Controller\BaseController.class.php 第 6 行.
SQL: SHOW COLUMNS FROM `meitu_product` [ RunTime:0.0588s ]
SQL: SELECT COUNT(*) AS tp_count FROM `meitu_product` LIMIT 1   [ RunTime:0.0004s ]
SQL: SELECT * FROM `meitu_product` LIMIT 0,12   [ RunTime:0.0008s ]
INFO: [ view_parse ] --START--
INFO: [ template_filter ] --START--
INFO: Run Behavior\ContentReplaceBehavior [ RunTime:0.000188s ]
INFO: [ template_filter ] --END-- [ RunTime:0.000259s ]
INFO: Run Behavior\ParseTemplateBehavior [ RunTime:0.057770s ]
INFO: [ view_parse ] --END-- [ RunTime:0.057874s ]
INFO: [ view_filter ] --START--
INFO: Run Behavior\WriteHtmlCacheBehavior [ RunTime:0.000613s ]
INFO: [ view_filter ] --END-- [ RunTime:0.000669s ]
INFO: [ app_end ] --START--
INFO: Run Behavior\ShowPageTraceBehavior [ RunTime:0.001934s ]
INFO: [ app_end ] --END-- [ RunTime:0.002035s ]

[ 2017-09-22T19:51:28+08:00 ] ::1 /Angelababy/buycar/buycar
INFO: [ app_init ] --START--
INFO: Run Behavior\BuildLiteBehavior [ RunTime:0.000009s ]
INFO: [ app_init ] --END-- [ RunTime:0.000409s ]
INFO: [ app_begin ] --START--
INFO: Run Behavior\ReadHtmlCacheBehavior [ RunTime:0.000534s ]
INFO: [ app_begin ] --END-- [ RunTime:0.000585s ]
NOTIC: [8] A session had already been started - ignoring session_start() D:\WWW\Angelababy\Application\Home\Controller\BaseController.class.php 第 6 行.
SQL: SHOW COLUMNS FROM `meitu_product` [ RunTime:0.0441s ]
SQL: SELECT COUNT(*) AS tp_count FROM `meitu_product` LIMIT 1   [ RunTime:0.0007s ]
SQL: SELECT * FROM `meitu_product` LIMIT 0,12   [ RunTime:0.0009s ]
INFO: [ view_parse ] --START--
INFO: [ template_filter ] --START--
INFO: Run Behavior\ContentReplaceBehavior [ RunTime:0.000302s ]
INFO: [ template_filter ] --END-- [ RunTime:0.000411s ]
INFO: Run Behavior\ParseTemplateBehavior [ RunTime:0.075270s ]
INFO: [ view_parse ] --END-- [ RunTime:0.075381s ]
INFO: [ view_filter ] --START--
INFO: Run Behavior\WriteHtmlCacheBehavior [ RunTime:0.000874s ]
INFO: [ view_filter ] --END-- [ RunTime:0.000948s ]
INFO: [ app_end ] --START--
INFO: Run Behavior\ShowPageTraceBehavior [ RunTime:0.003292s ]
INFO: [ app_end ] --END-- [ RunTime:0.003453s ]

[ 2017-09-22T19:51:49+08:00 ] ::1 /Angelababy/buycar/buycar
INFO: [ app_init ] --START--
INFO: Run Behavior\BuildLiteBehavior [ RunTime:0.000009s ]
INFO: [ app_init ] --END-- [ RunTime:0.000487s ]
INFO: [ app_begin ] --START--
INFO: Run Behavior\ReadHtmlCacheBehavior [ RunTime:0.000856s ]
INFO: [ app_begin ] --END-- [ RunTime:0.000923s ]
NOTIC: [8] A session had already been started - ignoring session_start() D:\WWW\Angelababy\Application\Home\Controller\BaseController.class.php 第 6 行.
SQL: SHOW COLUMNS FROM `meitu_product` [ RunTime:0.0493s ]
SQL: SELECT COUNT(*) AS tp_count FROM `meitu_product` LIMIT 1   [ RunTime:0.0006s ]
SQL: SELECT * FROM `meitu_product` LIMIT 0,12   [ RunTime:0.0009s ]
INFO: [ view_parse ] --START--
INFO: [ template_filter ] --START--
INFO: Run Behavior\ContentReplaceBehavior [ RunTime:0.000314s ]
INFO: [ template_filter ] --END-- [ RunTime:0.000426s ]
INFO: Run Behavior\ParseTemplateBehavior [ RunTime:0.079576s ]
INFO: [ view_parse ] --END-- [ RunTime:0.079691s ]
INFO: [ view_filter ] --START--
INFO: Run Behavior\WriteHtmlCacheBehavior [ RunTime:0.000898s ]
INFO: [ view_filter ] --END-- [ RunTime:0.000978s ]
INFO: [ app_end ] --START--
INFO: Run Behavior\ShowPageTraceBehavior [ RunTime:0.003014s ]
INFO: [ app_end ] --END-- [ RunTime:0.003189s ]

[ 2017-09-22T19:52:07+08:00 ] ::1 /Angelababy/buycar/buycar
INFO: [ app_init ] --START--
INFO: Run Behavior\BuildLiteBehavior [ RunTime:0.000024s ]
INFO: [ app_init ] --END-- [ RunTime:0.001348s ]
INFO: [ app_begin ] --START--
INFO: Run Behavior\ReadHtmlCacheBehavior [ RunTime:0.001535s ]
INFO: [ app_begin ] --END-- [ RunTime:0.001650s ]
NOTIC: [8] A session had already been started - ignoring session_start() D:\WWW\Angelababy\Application\Home\Controller\BaseController.class.php 第 6 行.
SQL: SHOW COLUMNS FROM `meitu_product` [ RunTime:0.0432s ]
SQL: SELECT COUNT(*) AS tp_count FROM `meitu_product` LIMIT 1   [ RunTime:0.0006s ]
SQL: SELECT * FROM `meitu_product` LIMIT 0,12   [ RunTime:0.0008s ]
INFO: [ view_parse ] --START--
INFO: [ template_filter ] --START--
INFO: Run Behavior\ContentReplaceBehavior [ RunTime:0.000302s ]
INFO: [ template_filter ] --END-- [ RunTime:0.000419s ]
INFO: Run Behavior\ParseTemplateBehavior [ RunTime:0.077459s ]
INFO: [ view_parse ] --END-- [ RunTime:0.077616s ]
INFO: [ view_filter ] --START--
INFO: Run Behavior\WriteHtmlCacheBehavior [ RunTime:0.001239s ]
INFO: [ view_filter ] --END-- [ RunTime:0.001340s ]
INFO: [ app_end ] --START--
INFO: Run Behavior\ShowPageTraceBehavior [ RunTime:0.002538s ]
INFO: [ app_end ] --END-- [ RunTime:0.002696s ]

[ 2017-09-22T19:52:11+08:00 ] ::1 /Angelababy/Buycar/add?pid=1
INFO: [ app_init ] --START--
INFO: Run Behavior\BuildLiteBehavior [ RunTime:0.000035s ]
INFO: [ app_init ] --END-- [ RunTime:0.001588s ]
INFO: [ app_begin ] --START--
INFO: Run Behavior\ReadHtmlCacheBehavior [ RunTime:0.001995s ]
INFO: [ app_begin ] --END-- [ RunTime:0.002145s ]
NOTIC: [8] A session had already been started - ignoring session_start() D:\WWW\Angelababy\Application\Home\Controller\BaseController.class.php 第 6 行.
NOTIC: [8] Undefined index: pid D:\WWW\Angelababy\Application\Home\Controller\BuycarController.class.php 第 16 行.
INFO: [ app_end ] --START--
INFO: Run Behavior\ShowPageTraceBehavior [ RunTime:0.001406s ]
INFO: [ app_end ] --END-- [ RunTime:0.001490s ]

[ 2017-09-22T19:52:28+08:00 ] ::1 /Angelababy/buycar/buycar
INFO: [ app_init ] --START--
INFO: Run Behavior\BuildLiteBehavior [ RunTime:0.000013s ]
INFO: [ app_init ] --END-- [ RunTime:0.000644s ]
INFO: [ app_begin ] --START--
INFO: Run Behavior\ReadHtmlCacheBehavior [ RunTime:0.001161s ]
INFO: [ app_begin ] --END-- [ RunTime:0.001231s ]
NOTIC: [8] A session had already been started - ignoring session_start() D:\WWW\Angelababy\Application\Home\Controller\BaseController.class.php 第 6 行.
SQL: SHOW COLUMNS FROM `meitu_product` [ RunTime:0.0380s ]
SQL: SELECT COUNT(*) AS tp_count FROM `meitu_product` LIMIT 1   [ RunTime:0.0004s ]
SQL: SELECT * FROM `meitu_product` LIMIT 0,12   [ RunTime:0.0005s ]
INFO: [ view_parse ] --START--
INFO: [ template_filter ] --START--
INFO: Run Behavior\ContentReplaceBehavior [ RunTime:0.000228s ]
INFO: [ template_filter ] --END-- [ RunTime:0.000334s ]
INFO: Run Behavior\ParseTemplateBehavior [ RunTime:0.061358s ]
INFO: [ view_parse ] --END-- [ RunTime:0.061419s ]
INFO: [ view_filter ] --START--
INFO: Run Behavior\WriteHtmlCacheBehavior [ RunTime:0.000345s ]
INFO: [ view_filter ] --END-- [ RunTime:0.000377s ]
INFO: [ app_end ] --START--
INFO: Run Behavior\ShowPageTraceBehavior [ RunTime:0.000820s ]
INFO: [ app_end ] --END-- [ RunTime:0.000884s ]

[ 2017-09-22T19:52:33+08:00 ] ::1 /Angelababy/Buycar/add
INFO: [ app_init ] --START--
INFO: Run Behavior\BuildLiteBehavior [ RunTime:0.000009s ]
INFO: [ app_init ] --END-- [ RunTime:0.000418s ]
INFO: [ app_begin ] --START--
INFO: Run Behavior\ReadHtmlCacheBehavior [ RunTime:0.000599s ]
INFO: [ app_begin ] --END-- [ RunTime:0.000648s ]
NOTIC: [8] A session had already been started - ignoring session_start() D:\WWW\Angelababy\Application\Home\Controller\BaseController.class.php 第 6 行.
INFO: [ app_end ] --START--
INFO: Run Behavior\ShowPageTraceBehavior [ RunTime:0.000684s ]
INFO: [ app_end ] --END-- [ RunTime:0.000731s ]

[ 2017-09-22T19:52:38+08:00 ] ::1 /Angelababy/Buycar/add
INFO: [ app_init ] --START--
INFO: Run Behavior\BuildLiteBehavior [ RunTime:0.000017s ]
INFO: [ app_init ] --END-- [ RunTime:0.000870s ]
INFO: [ app_begin ] --START--
INFO: Run Behavior\ReadHtmlCacheBehavior [ RunTime:0.001095s ]
INFO: [ app_begin ] --END-- [ RunTime:0.001163s ]
NOTIC: [8] A session had already been started - ignoring session_start() D:\WWW\Angelababy\Application\Home\Controller\BaseController.class.php 第 6 行.
INFO: [ app_end ] --START--
INFO: Run Behavior\ShowPageTraceBehavior [ RunTime:0.001243s ]
INFO: [ app_end ] --END-- [ RunTime:0.001336s ]

[ 2017-09-22T19:56:01+08:00 ] ::1 /Angelababy/buycar/buycar
INFO: [ app_init ] --START--
INFO: Run Behavior\BuildLiteBehavior [ RunTime:0.000018s ]
INFO: [ app_init ] --END-- [ RunTime:0.001149s ]
INFO: [ app_begin ] --START--
INFO: Run Behavior\ReadHtmlCacheBehavior [ RunTime:0.001296s ]
INFO: [ app_begin ] --END-- [ RunTime:0.001398s ]
NOTIC: [8] A session had already been started - ignoring session_start() D:\WWW\Angelababy\Application\Home\Controller\BaseController.class.php 第 6 行.
SQL: SHOW COLUMNS FROM `meitu_product` [ RunTime:0.0571s ]
SQL: SELECT COUNT(*) AS tp_count FROM `meitu_product` LIMIT 1   [ RunTime:0.0006s ]
SQL: SELECT * FROM `meitu_product` LIMIT 0,12   [ RunTime:0.0011s ]
INFO: [ view_parse ] --START--
INFO: [ template_filter ] --START--
INFO: Run Behavior\ContentReplaceBehavior [ RunTime:0.000326s ]
INFO: [ template_filter ] --END-- [ RunTime:0.000428s ]
INFO: Run Behavior\ParseTemplateBehavior [ RunTime:0.081548s ]
INFO: [ view_parse ] --END-- [ RunTime:0.081722s ]
INFO: [ view_filter ] --START--
INFO: Run Behavior\WriteHtmlCacheBehavior [ RunTime:0.001242s ]
INFO: [ view_filter ] --END-- [ RunTime:0.001331s ]
INFO: [ app_end ] --START--
INFO: Run Behavior\ShowPageTraceBehavior [ RunTime:0.002520s ]
INFO: [ app_end ] --END-- [ RunTime:0.002683s ]

[ 2017-09-22T19:56:07+08:00 ] ::1 /Angelababy/Buycar/add
INFO: [ app_init ] --START--
INFO: Run Behavior\BuildLiteBehavior [ RunTime:0.000015s ]
INFO: [ app_init ] --END-- [ RunTime:0.000734s ]
INFO: [ app_begin ] --START--
INFO: Run Behavior\ReadHtmlCacheBehavior [ RunTime:0.000878s ]
INFO: [ app_begin ] --END-- [ RunTime:0.000942s ]
NOTIC: [8] A session had already been started - ignoring session_start() D:\WWW\Angelababy\Application\Home\Controller\BaseController.class.php 第 6 行.
SQL: SHOW COLUMNS FROM `meitu_user` [ RunTime:0.1460s ]
SQL: SELECT `uid` FROM `meitu_user` WHERE `uname` = '15531006501' LIMIT 1   [ RunTime:0.0425s ]
NOTIC: [8] Array to string conversion D:\WWW\Angelababy\Application\Home\Controller\BuycarController.class.php 第 19 行.
INFO: [ app_end ] --START--
INFO: Run Behavior\ShowPageTraceBehavior [ RunTime:0.002075s ]
INFO: [ app_end ] --END-- [ RunTime:0.002345s ]

[ 2017-09-22T19:56:35+08:00 ] ::1 /Angelababy/buycar/buycar
INFO: [ app_init ] --START--
INFO: Run Behavior\BuildLiteBehavior [ RunTime:0.000020s ]
INFO: [ app_init ] --END-- [ RunTime:0.001609s ]
INFO: [ app_begin ] --START--
INFO: Run Behavior\ReadHtmlCacheBehavior [ RunTime:0.000950s ]
INFO: [ app_begin ] --END-- [ RunTime:0.001046s ]
NOTIC: [8] A session had already been started - ignoring session_start() D:\WWW\Angelababy\Application\Home\Controller\BaseController.class.php 第 6 行.
SQL: SHOW COLUMNS FROM `meitu_product` [ RunTime:0.0254s ]
SQL: SELECT COUNT(*) AS tp_count FROM `meitu_product` LIMIT 1   [ RunTime:0.0003s ]
SQL: SELECT * FROM `meitu_product` LIMIT 0,12   [ RunTime:0.0006s ]
INFO: [ view_parse ] --START--
INFO: [ template_filter ] --START--
INFO: Run Behavior\ContentReplaceBehavior [ RunTime:0.000160s ]
INFO: [ template_filter ] --END-- [ RunTime:0.000213s ]
INFO: Run Behavior\ParseTemplateBehavior [ RunTime:0.045460s ]
INFO: [ view_parse ] --END-- [ RunTime:0.045542s ]
INFO: [ view_filter ] --START--
INFO: Run Behavior\WriteHtmlCacheBehavior [ RunTime:0.000630s ]
INFO: [ view_filter ] --END-- [ RunTime:0.000699s ]
INFO: [ app_end ] --START--
INFO: Run Behavior\ShowPageTraceBehavior [ RunTime:0.001552s ]
INFO: [ app_end ] --END-- [ RunTime:0.001660s ]

[ 2017-09-22T19:56:41+08:00 ] ::1 /Angelababy/Buycar/add
INFO: [ app_init ] --START--
INFO: Run Behavior\BuildLiteBehavior [ RunTime:0.000027s ]
INFO: [ app_init ] --END-- [ RunTime:0.001097s ]
INFO: [ app_begin ] --START--
INFO: Run Behavior\ReadHtmlCacheBehavior [ RunTime:0.001198s ]
INFO: [ app_begin ] --END-- [ RunTime:0.001293s ]
NOTIC: [8] A session had already been started - ignoring session_start() D:\WWW\Angelababy\Application\Home\Controller\BaseController.class.php 第 6 行.
SQL: SHOW COLUMNS FROM `meitu_user` [ RunTime:0.0401s ]
SQL: SELECT `uid` FROM `meitu_user` WHERE `uname` = '15531006501' LIMIT 1   [ RunTime:0.0007s ]
NOTIC: [8] Undefined offset: 0 D:\WWW\Angelababy\Application\Home\Controller\BuycarController.class.php 第 18 行.
INFO: [ app_end ] --START--
INFO: Run Behavior\ShowPageTraceBehavior [ RunTime:0.001573s ]
INFO: [ app_end ] --END-- [ RunTime:0.001655s ]

[ 2017-09-22T19:56:54+08:00 ] ::1 /Angelababy/Buycar/add
INFO: [ app_init ] --START--
INFO: Run Behavior\BuildLiteBehavior [ RunTime:0.000032s ]
INFO: [ app_init ] --END-- [ RunTime:0.001500s ]
INFO: [ app_begin ] --START--
INFO: Run Behavior\ReadHtmlCacheBehavior [ RunTime:0.002243s ]
INFO: [ app_begin ] --END-- [ RunTime:0.002403s ]
NOTIC: [8] A session had already been started - ignoring session_start() D:\WWW\Angelababy\Application\Home\Controller\BaseController.class.php 第 6 行.
SQL: SHOW COLUMNS FROM `meitu_user` [ RunTime:0.0372s ]
SQL: SELECT `uid` FROM `meitu_user` WHERE `uname` = '15531006501' LIMIT 1   [ RunTime:0.0007s ]
INFO: [ app_end ] --START--
INFO: Run Behavior\ShowPageTraceBehavior [ RunTime:0.001509s ]
INFO: [ app_end ] --END-- [ RunTime:0.001603s ]

[ 2017-09-22T19:57:11+08:00 ] ::1 /Angelababy/Buycar/add
INFO: [ app_init ] --START--
INFO: Run Behavior\BuildLiteBehavior [ RunTime:0.000022s ]
INFO: [ app_init ] --END-- [ RunTime:0.000993s ]
INFO: [ app_begin ] --START--
INFO: Run Behavior\ReadHtmlCacheBehavior [ RunTime:0.001259s ]
INFO: [ app_begin ] --END-- [ RunTime:0.001349s ]
NOTIC: [8] A session had already been started - ignoring session_start() D:\WWW\Angelababy\Application\Home\Controller\BaseController.class.php 第 6 行.
SQL: SHOW COLUMNS FROM `meitu_user` [ RunTime:0.0452s ]
SQL: SELECT `uid` FROM `meitu_user` WHERE `uname` = '15531006501' LIMIT 1   [ RunTime:0.0007s ]
INFO: [ app_end ] --START--
INFO: Run Behavior\ShowPageTraceBehavior [ RunTime:0.001635s ]
INFO: [ app_end ] --END-- [ RunTime:0.001742s ]

[ 2017-09-22T19:58:08+08:00 ] ::1 /Angelababy/buycar/buycar
INFO: [ app_init ] --START--
INFO: Run Behavior\BuildLiteBehavior [ RunTime:0.000020s ]
INFO: [ app_init ] --END-- [ RunTime:0.000926s ]
INFO: [ app_begin ] --START--
INFO: Run Behavior\ReadHtmlCacheBehavior [ RunTime:0.001066s ]
INFO: [ app_begin ] --END-- [ RunTime:0.001147s ]
NOTIC: [8] A session had already been started - ignoring session_start() D:\WWW\Angelababy\Application\Home\Controller\BaseController.class.php 第 6 行.
SQL: SHOW COLUMNS FROM `meitu_product` [ RunTime:0.0334s ]
SQL: SELECT COUNT(*) AS tp_count FROM `meitu_product` LIMIT 1   [ RunTime:0.0004s ]
SQL: SELECT * FROM `meitu_product` LIMIT 0,12   [ RunTime:0.0005s ]
INFO: [ view_parse ] --START--
INFO: [ template_filter ] --START--
INFO: Run Behavior\ContentReplaceBehavior [ RunTime:0.000200s ]
INFO: [ template_filter ] --END-- [ RunTime:0.000267s ]
INFO: Run Behavior\ParseTemplateBehavior [ RunTime:0.057803s ]
INFO: [ view_parse ] --END-- [ RunTime:0.057888s ]
INFO: [ view_filter ] --START--
INFO: Run Behavior\WriteHtmlCacheBehavior [ RunTime:0.000699s ]
INFO: [ view_filter ] --END-- [ RunTime:0.000775s ]
INFO: [ app_end ] --START--
INFO: Run Behavior\ShowPageTraceBehavior [ RunTime:0.003211s ]
INFO: [ app_end ] --END-- [ RunTime:0.003316s ]

[ 2017-09-22T19:58:14+08:00 ] ::1 /Angelababy/Buycar/add
INFO: [ app_init ] --START--
INFO: Run Behavior\BuildLiteBehavior [ RunTime:0.000049s ]
INFO: [ app_init ] --END-- [ RunTime:0.001539s ]
INFO: [ app_begin ] --START--
INFO: Run Behavior\ReadHtmlCacheBehavior [ RunTime:0.001168s ]
INFO: [ app_begin ] --END-- [ RunTime:0.001259s ]
NOTIC: [8] A session had already been started - ignoring session_start() D:\WWW\Angelababy\Application\Home\Controller\BaseController.class.php 第 6 行.
SQL: SHOW COLUMNS FROM `meitu_user` [ RunTime:0.0478s ]
SQL: SELECT `uid` FROM `meitu_user` WHERE `uname` = '15531006501' LIMIT 1   [ RunTime:0.0007s ]
SQL: SHOW COLUMNS FROM `meitu_cart` [ RunTime:0.0352s ]
SQL: SELECT `cid` FROM `meitu_cart` LIMIT 1   [ RunTime:0.0006s ]
INFO: [ app_end ] --START--
INFO: Run Behavior\ShowPageTraceBehavior [ RunTime:0.001638s ]
INFO: [ app_end ] --END-- [ RunTime:0.001721s ]

[ 2017-09-22T19:58:57+08:00 ] ::1 /Angelababy/Buycar/add
INFO: [ app_init ] --START--
INFO: Run Behavior\BuildLiteBehavior [ RunTime:0.000010s ]
INFO: [ app_init ] --END-- [ RunTime:0.000432s ]
INFO: [ app_begin ] --START--
INFO: Run Behavior\ReadHtmlCacheBehavior [ RunTime:0.000487s ]
INFO: [ app_begin ] --END-- [ RunTime:0.000517s ]
ERR: syntax error, unexpected ')', expecting ']'

[ 2017-09-22T20:00:25+08:00 ] ::1 /Angelababy/Buycar/add
INFO: [ app_init ] --START--
INFO: Run Behavior\BuildLiteBehavior [ RunTime:0.000014s ]
INFO: [ app_init ] --END-- [ RunTime:0.000843s ]
INFO: [ app_begin ] --START--
INFO: Run Behavior\ReadHtmlCacheBehavior [ RunTime:0.000744s ]
INFO: [ app_begin ] --END-- [ RunTime:0.000796s ]
NOTIC: [8] A session had already been started - ignoring session_start() D:\WWW\Angelababy\Application\Home\Controller\BaseController.class.php 第 6 行.
SQL: SHOW COLUMNS FROM `meitu_cart` [ RunTime:0.0420s ]
SQL: SHOW COLUMNS FROM `meitu_user` [ RunTime:0.0280s ]
SQL: SELECT `uid` FROM `meitu_user` LIMIT 1   [ RunTime:0.0006s ]
SQL: SELECT `cid` FROM `meitu_cart` LIMIT 1   [ RunTime:0.0006s ]
INFO: [ app_end ] --START--
INFO: Run Behavior\ShowPageTraceBehavior [ RunTime:0.001805s ]
INFO: [ app_end ] --END-- [ RunTime:0.001911s ]

[ 2017-09-22T20:06:04+08:00 ] ::1 /Angelababy/Buycar/add
INFO: [ app_init ] --START--
INFO: Run Behavior\BuildLiteBehavior [ RunTime:0.000034s ]
INFO: [ app_init ] --END-- [ RunTime:0.001924s ]
INFO: [ app_begin ] --START--
INFO: Run Behavior\ReadHtmlCacheBehavior [ RunTime:0.002285s ]
INFO: [ app_begin ] --END-- [ RunTime:0.002421s ]
ERR: syntax error, unexpected end of file, expecting function (T_FUNCTION)

[ 2017-09-22T20:06:29+08:00 ] ::1 /Angelababy/Buycar/add
INFO: [ app_init ] --START--
INFO: Run Behavior\BuildLiteBehavior [ RunTime:0.000022s ]
INFO: [ app_init ] --END-- [ RunTime:0.001300s ]
INFO: [ app_begin ] --START--
INFO: Run Behavior\ReadHtmlCacheBehavior [ RunTime:0.001668s ]
INFO: [ app_begin ] --END-- [ RunTime:0.001792s ]
NOTIC: [8] A session had already been started - ignoring session_start() D:\WWW\Angelababy\Application\Home\Controller\BaseController.class.php 第 6 行.
SQL: SHOW COLUMNS FROM `meitu_cart` [ RunTime:0.0428s ]
SQL: SHOW COLUMNS FROM `meitu_user` [ RunTime:0.0298s ]
SQL: SELECT `uid` FROM `meitu_user` LIMIT 1   [ RunTime:0.0007s ]
SQL: SELECT `cid` FROM `meitu_cart` LIMIT 1   [ RunTime:0.0006s ]
SQL: SHOW COLUMNS FROM `meitu_cart_detail` [ RunTime:0.0312s ]
SQL: SELECT `count` FROM `meitu_cart_detail` WHERE `productId` = 1 LIMIT 1   [ RunTime:0.0009s ]
NOTIC: [8] Array to string conversion D:\WWW\Angelababy\Application\Home\Controller\BuycarController.class.php 第 19 行.

[ 2017-09-22T20:06:46+08:00 ] ::1 /Angelababy/Buycar/add
INFO: [ app_init ] --START--
INFO: Run Behavior\BuildLiteBehavior [ RunTime:0.000086s ]
INFO: [ app_init ] --END-- [ RunTime:0.001686s ]
INFO: [ app_begin ] --START--
INFO: Run Behavior\ReadHtmlCacheBehavior [ RunTime:0.000929s ]
INFO: [ app_begin ] --END-- [ RunTime:0.000997s ]
NOTIC: [8] A session had already been started - ignoring session_start() D:\WWW\Angelababy\Application\Home\Controller\BaseController.class.php 第 6 行.
SQL: SHOW COLUMNS FROM `meitu_cart` [ RunTime:0.0401s ]
SQL: SHOW COLUMNS FROM `meitu_user` [ RunTime:0.0294s ]
SQL: SELECT `uid` FROM `meitu_user` LIMIT 1   [ RunTime:0.0006s ]
SQL: SELECT `cid` FROM `meitu_cart` LIMIT 1   [ RunTime:0.0005s ]
SQL: SHOW COLUMNS FROM `meitu_cart_detail` [ RunTime:0.0294s ]
SQL: SELECT `count` FROM `meitu_cart_detail` WHERE `productId` = 1 LIMIT 1   [ RunTime:0.0007s ]

[ 2017-09-22T20:06:57+08:00 ] ::1 /Angelababy/Buycar/add
INFO: [ app_init ] --START--
INFO: Run Behavior\BuildLiteBehavior [ RunTime:0.000012s ]
INFO: [ app_init ] --END-- [ RunTime:0.000428s ]
INFO: [ app_begin ] --START--
INFO: Run Behavior\ReadHtmlCacheBehavior [ RunTime:0.000506s ]
INFO: [ app_begin ] --END-- [ RunTime:0.000540s ]
NOTIC: [8] A session had already been started - ignoring session_start() D:\WWW\Angelababy\Application\Home\Controller\BaseController.class.php 第 6 行.
SQL: SHOW COLUMNS FROM `meitu_cart` [ RunTime:0.0418s ]
SQL: SHOW COLUMNS FROM `meitu_user` [ RunTime:0.0198s ]
SQL: SELECT `uid` FROM `meitu_user` LIMIT 1   [ RunTime:0.0004s ]
SQL: SELECT `cid` FROM `meitu_cart` LIMIT 1   [ RunTime:0.0003s ]
SQL: SHOW COLUMNS FROM `meitu_cart_detail` [ RunTime:0.0188s ]
SQL: SELECT `count` FROM `meitu_cart_detail` WHERE `productId` = 2 LIMIT 1   [ RunTime:0.0006s ]

[ 2017-09-22T20:07:03+08:00 ] ::1 /Angelababy/Buycar/add
INFO: [ app_init ] --START--
INFO: Run Behavior\BuildLiteBehavior [ RunTime:0.000021s ]
INFO: [ app_init ] --END-- [ RunTime:0.000869s ]
INFO: [ app_begin ] --START--
INFO: Run Behavior\ReadHtmlCacheBehavior [ RunTime:0.001057s ]
INFO: [ app_begin ] --END-- [ RunTime:0.001128s ]
NOTIC: [8] A session had already been started - ignoring session_start() D:\WWW\Angelababy\Application\Home\Controller\BaseController.class.php 第 6 行.
SQL: SHOW COLUMNS FROM `meitu_cart` [ RunTime:0.0486s ]
SQL: SHOW COLUMNS FROM `meitu_user` [ RunTime:0.0296s ]
SQL: SELECT `uid` FROM `meitu_user` LIMIT 1   [ RunTime:0.0007s ]
SQL: SELECT `cid` FROM `meitu_cart` LIMIT 1   [ RunTime:0.0006s ]
SQL: SHOW COLUMNS FROM `meitu_cart_detail` [ RunTime:0.0300s ]
SQL: SELECT `count` FROM `meitu_cart_detail` WHERE `productId` = 4 LIMIT 1   [ RunTime:0.0007s ]

[ 2017-09-22T20:07:19+08:00 ] ::1 /Angelababy/Buycar/add
INFO: [ app_init ] --START--
INFO: Run Behavior\BuildLiteBehavior [ RunTime:0.000033s ]
INFO: [ app_init ] --END-- [ RunTime:0.002084s ]
INFO: [ app_begin ] --START--
INFO: Run Behavior\ReadHtmlCacheBehavior [ RunTime:0.002721s ]
INFO: [ app_begin ] --END-- [ RunTime:0.002880s ]
NOTIC: [8] A session had already been started - ignoring session_start() D:\WWW\Angelababy\Application\Home\Controller\BaseController.class.php 第 6 行.
SQL: SHOW COLUMNS FROM `meitu_cart` [ RunTime:0.0526s ]
SQL: SHOW COLUMNS FROM `meitu_user` [ RunTime:0.0285s ]
SQL: SELECT `uid` FROM `meitu_user` LIMIT 1   [ RunTime:0.0006s ]
SQL: SELECT `cid` FROM `meitu_cart` LIMIT 1   [ RunTime:0.0005s ]
SQL: SHOW COLUMNS FROM `meitu_cart_detail` [ RunTime:0.0279s ]
SQL: SELECT `count` FROM `meitu_cart_detail` WHERE `productId` = 4 LIMIT 1   [ RunTime:0.0007s ]

[ 2017-09-22T20:07:42+08:00 ] ::1 /Angelababy/Buycar/add
INFO: [ app_init ] --START--
INFO: Run Behavior\BuildLiteBehavior [ RunTime:0.000022s ]
INFO: [ app_init ] --END-- [ RunTime:0.000849s ]
INFO: [ app_begin ] --START--
INFO: Run Behavior\ReadHtmlCacheBehavior [ RunTime:0.000991s ]
INFO: [ app_begin ] --END-- [ RunTime:0.001081s ]
NOTIC: [8] A session had already been started - ignoring session_start() D:\WWW\Angelababy\Application\Home\Controller\BaseController.class.php 第 6 行.
SQL: SHOW COLUMNS FROM `meitu_cart` [ RunTime:0.0452s ]
SQL: SHOW COLUMNS FROM `meitu_user` [ RunTime:0.0294s ]
SQL: SELECT `uid` FROM `meitu_user` LIMIT 1   [ RunTime:0.0007s ]
SQL: SELECT `cid` FROM `meitu_cart` LIMIT 1   [ RunTime:0.0006s ]
SQL: SHOW COLUMNS FROM `meitu_cart_detail` [ RunTime:0.0288s ]
SQL: SELECT `count` FROM `meitu_cart_detail` WHERE `productId` = 1 LIMIT 1   [ RunTime:0.0007s ]
SQL: INSERT INTO `meitu_cart_detail` (`did`,`cartId`,`productId`,`count`) VALUES (NULL,'1','1','4') [ RunTime:0.0574s ]
INFO: [ app_end ] --START--
INFO: Run Behavior\ShowPageTraceBehavior [ RunTime:0.001719s ]
INFO: [ app_end ] --END-- [ RunTime:0.001805s ]

[ 2017-09-22T20:08:17+08:00 ] ::1 /Angelababy/Buycar/add
INFO: [ app_init ] --START--
INFO: Run Behavior\BuildLiteBehavior [ RunTime:0.000011s ]
INFO: [ app_init ] --END-- [ RunTime:0.000547s ]
INFO: [ app_begin ] --START--
INFO: Run Behavior\ReadHtmlCacheBehavior [ RunTime:0.000681s ]
INFO: [ app_begin ] --END-- [ RunTime:0.000729s ]
NOTIC: [8] A session had already been started - ignoring session_start() D:\WWW\Angelababy\Application\Home\Controller\BaseController.class.php 第 6 行.
SQL: SHOW COLUMNS FROM `meitu_cart` [ RunTime:0.0403s ]
SQL: SHOW COLUMNS FROM `meitu_user` [ RunTime:0.0157s ]
SQL: SELECT `uid` FROM `meitu_user` LIMIT 1   [ RunTime:0.0004s ]
SQL: SELECT `cid` FROM `meitu_cart` LIMIT 1   [ RunTime:0.0002s ]
SQL: SHOW COLUMNS FROM `meitu_cart_detail` [ RunTime:0.0126s ]
SQL: SELECT `count` FROM `meitu_cart_detail` WHERE `productId` = 1 LIMIT 1   [ RunTime:0.0003s ]
INFO: [ app_end ] --START--
INFO: Run Behavior\ShowPageTraceBehavior [ RunTime:0.000507s ]
INFO: [ app_end ] --END-- [ RunTime:0.000533s ]

[ 2017-09-22T20:08:37+08:00 ] ::1 /Angelababy/Buycar/add
INFO: [ app_init ] --START--
INFO: Run Behavior\BuildLiteBehavior [ RunTime:0.000008s ]
INFO: [ app_init ] --END-- [ RunTime:0.000385s ]
INFO: [ app_begin ] --START--
INFO: Run Behavior\ReadHtmlCacheBehavior [ RunTime:0.000506s ]
INFO: [ app_begin ] --END-- [ RunTime:0.000551s ]
NOTIC: [8] A session had already been started - ignoring session_start() D:\WWW\Angelababy\Application\Home\Controller\BaseController.class.php 第 6 行.
SQL: SHOW COLUMNS FROM `meitu_cart` [ RunTime:0.0426s ]
SQL: SHOW COLUMNS FROM `meitu_user` [ RunTime:0.0299s ]
SQL: SELECT `uid` FROM `meitu_user` LIMIT 1   [ RunTime:0.0006s ]
SQL: SELECT `cid` FROM `meitu_cart` LIMIT 1   [ RunTime:0.0006s ]
SQL: SHOW COLUMNS FROM `meitu_cart_detail` [ RunTime:0.0302s ]
SQL: SELECT `count` FROM `meitu_cart_detail` WHERE `productId` = 1 LIMIT 1   [ RunTime:0.0007s ]
INFO: [ app_end ] --START--
INFO: Run Behavior\ShowPageTraceBehavior [ RunTime:0.001509s ]
INFO: [ app_end ] --END-- [ RunTime:0.001595s ]

[ 2017-09-22T20:09:13+08:00 ] ::1 /Angelababy/Buycar/add
INFO: [ app_init ] --START--
INFO: Run Behavior\BuildLiteBehavior [ RunTime:0.000030s ]
INFO: [ app_init ] --END-- [ RunTime:0.001777s ]
INFO: [ app_begin ] --START--
INFO: Run Behavior\ReadHtmlCacheBehavior [ RunTime:0.001410s ]
INFO: [ app_begin ] --END-- [ RunTime:0.001513s ]
ERR: syntax error, unexpected ')', expecting ']'

[ 2017-09-22T20:09:31+08:00 ] ::1 /Angelababy/Buycar/add
INFO: [ app_init ] --START--
INFO: Run Behavior\BuildLiteBehavior [ RunTime:0.000014s ]
INFO: [ app_init ] --END-- [ RunTime:0.000732s ]
INFO: [ app_begin ] --START--
INFO: Run Behavior\ReadHtmlCacheBehavior [ RunTime:0.001440s ]
INFO: [ app_begin ] --END-- [ RunTime:0.001524s ]
ERR: syntax error, unexpected ')', expecting ']'

[ 2017-09-22T20:09:55+08:00 ] ::1 /Angelababy/Buycar/add
INFO: [ app_init ] --START--
INFO: Run Behavior\BuildLiteBehavior [ RunTime:0.000013s ]
INFO: [ app_init ] --END-- [ RunTime:0.000751s ]
INFO: [ app_begin ] --START--
INFO: Run Behavior\ReadHtmlCacheBehavior [ RunTime:0.000753s ]
INFO: [ app_begin ] --END-- [ RunTime:0.000810s ]
NOTIC: [8] A session had already been started - ignoring session_start() D:\WWW\Angelababy\Application\Home\Controller\BaseController.class.php 第 6 行.
SQL: SHOW COLUMNS FROM `meitu_cart` [ RunTime:0.0423s ]
SQL: SHOW COLUMNS FROM `meitu_user` [ RunTime:0.0295s ]
SQL: SELECT `uid` FROM `meitu_user` LIMIT 1   [ RunTime:0.0006s ]
SQL: SELECT `cid` FROM `meitu_cart` LIMIT 1   [ RunTime:0.0006s ]
SQL: SHOW COLUMNS FROM `meitu_cart_detail` [ RunTime:0.0297s ]
SQL: SELECT `count` FROM `meitu_cart_detail` WHERE `productId` = 1 LIMIT 1   [ RunTime:0.0010s ]
SQL: UPDATE `meitu_cart_detail` SET `count`='5' WHERE `productId` = 1 [ RunTime:0.0411s ]
INFO: [ app_end ] --START--
INFO: Run Behavior\ShowPageTraceBehavior [ RunTime:0.001796s ]
INFO: [ app_end ] --END-- [ RunTime:0.001916s ]

[ 2017-09-22T20:10:04+08:00 ] ::1 /Angelababy/Buycar/add
INFO: [ app_init ] --START--
INFO: Run Behavior\BuildLiteBehavior [ RunTime:0.000015s ]
INFO: [ app_init ] --END-- [ RunTime:0.000752s ]
INFO: [ app_begin ] --START--
INFO: Run Behavior\ReadHtmlCacheBehavior [ RunTime:0.001347s ]
INFO: [ app_begin ] --END-- [ RunTime:0.001481s ]
NOTIC: [8] A session had already been started - ignoring session_start() D:\WWW\Angelababy\Application\Home\Controller\BaseController.class.php 第 6 行.
SQL: SHOW COLUMNS FROM `meitu_cart` [ RunTime:0.0909s ]
SQL: SHOW COLUMNS FROM `meitu_user` [ RunTime:0.0317s ]
SQL: SELECT `uid` FROM `meitu_user` LIMIT 1   [ RunTime:0.0007s ]
SQL: SELECT `cid` FROM `meitu_cart` LIMIT 1   [ RunTime:0.0005s ]
SQL: SHOW COLUMNS FROM `meitu_cart_detail` [ RunTime:0.0319s ]
SQL: SELECT `count` FROM `meitu_cart_detail` WHERE `productId` = 2 LIMIT 1   [ RunTime:0.0008s ]
SQL: UPDATE `meitu_cart_detail` SET `count`='2' WHERE `productId` = 2 [ RunTime:0.0006s ]
INFO: [ app_end ] --START--
INFO: Run Behavior\ShowPageTraceBehavior [ RunTime:0.001560s ]
INFO: [ app_end ] --END-- [ RunTime:0.001653s ]

[ 2017-09-22T20:10:10+08:00 ] ::1 /Angelababy/Buycar/add
INFO: [ app_init ] --START--
INFO: Run Behavior\BuildLiteBehavior [ RunTime:0.000018s ]
INFO: [ app_init ] --END-- [ RunTime:0.000795s ]
INFO: [ app_begin ] --START--
INFO: Run Behavior\ReadHtmlCacheBehavior [ RunTime:0.001356s ]
INFO: [ app_begin ] --END-- [ RunTime:0.001457s ]
NOTIC: [8] A session had already been started - ignoring session_start() D:\WWW\Angelababy\Application\Home\Controller\BaseController.class.php 第 6 行.
SQL: SHOW COLUMNS FROM `meitu_cart` [ RunTime:0.0423s ]
SQL: SHOW COLUMNS FROM `meitu_user` [ RunTime:0.0713s ]
SQL: SELECT `uid` FROM `meitu_user` LIMIT 1   [ RunTime:0.0006s ]
SQL: SELECT `cid` FROM `meitu_cart` LIMIT 1   [ RunTime:0.0005s ]
SQL: SHOW COLUMNS FROM `meitu_cart_detail` [ RunTime:0.0289s ]
SQL: SELECT `count` FROM `meitu_cart_detail` WHERE `productId` = 4 LIMIT 1   [ RunTime:0.0007s ]
SQL: INSERT INTO `meitu_cart_detail` (`did`,`cartId`,`productId`,`count`) VALUES (NULL,'1','4','1') [ RunTime:0.0006s ]
INFO: [ app_end ] --START--
INFO: Run Behavior\ShowPageTraceBehavior [ RunTime:0.001526s ]
INFO: [ app_end ] --END-- [ RunTime:0.001607s ]

